{"/home/travis/build/npmtest/node-npmtest-primus/test.js":{"path":"/home/travis/build/npmtest/node-npmtest-primus/test.js","s":{"1":2,"2":2,"3":2,"4":2,"5":2,"6":2,"7":2,"8":1,"9":2,"10":2,"11":1,"12":1,"13":1,"14":1,"15":2,"16":2,"17":2,"18":2,"19":1,"20":1,"21":2,"22":2,"23":2,"24":1,"25":1,"26":1,"27":1,"28":1,"29":1,"30":1,"31":1,"32":1,"33":1,"34":1,"35":1,"36":1,"37":1,"38":1,"39":2,"40":2,"41":1,"42":2,"43":2,"44":1,"45":2,"46":2,"47":1,"48":2,"49":2,"50":1,"51":1,"52":1,"53":1,"54":1},"b":{"1":[2,1,1,1],"2":[1,1,1,1],"3":[1,1],"4":[1,1],"5":[1,1],"6":[1,1],"7":[1,1],"8":[1,1],"9":[1,1],"10":[1,1,1],"11":[1,1],"12":[1,1],"13":[1,1],"14":[1,1],"15":[1,1],"16":[1,1],"17":[1,1]},"f":{"1":2,"2":2,"3":2,"4":2,"5":2,"6":1,"7":1,"8":1,"9":2,"10":2,"11":2,"12":2,"13":1},"fnMap":{"1":{"name":"(anonymous_1)","line":12,"loc":{"start":{"line":12,"column":1},"end":{"line":12,"column":13}}},"2":{"name":"(anonymous_2)","line":19,"loc":{"start":{"line":19,"column":5},"end":{"line":19,"column":17}}},"3":{"name":"(anonymous_3)","line":23,"loc":{"start":{"line":23,"column":24},"end":{"line":23,"column":36}}},"4":{"name":"(anonymous_4)","line":61,"loc":{"start":{"line":61,"column":5},"end":{"line":61,"column":17}}},"5":{"name":"(anonymous_5)","line":82,"loc":{"start":{"line":82,"column":5},"end":{"line":82,"column":17}}},"6":{"name":"(anonymous_6)","line":91,"loc":{"start":{"line":91,"column":77},"end":{"line":94,"column":10}}},"7":{"name":"(anonymous_7)","line":112,"loc":{"start":{"line":112,"column":83},"end":{"line":115,"column":10}},"skip":true},"8":{"name":"(anonymous_8)","line":123,"loc":{"start":{"line":123,"column":77},"end":{"line":126,"column":10}},"skip":true},"9":{"name":"(anonymous_9)","line":139,"loc":{"start":{"line":139,"column":12},"end":{"line":139,"column":40}},"skip":true},"10":{"name":"(anonymous_10)","line":147,"loc":{"start":{"line":147,"column":77},"end":{"line":150,"column":10}},"skip":true},"11":{"name":"(anonymous_11)","line":158,"loc":{"start":{"line":158,"column":83},"end":{"line":161,"column":10}},"skip":true},"12":{"name":"(anonymous_12)","line":169,"loc":{"start":{"line":169,"column":79},"end":{"line":172,"column":10}},"skip":true},"13":{"name":"(anonymous_13)","line":180,"loc":{"start":{"line":180,"column":75},"end":{"line":183,"column":10}},"skip":true}},"statementMap":{"1":{"start":{"line":12,"column":0},"end":{"line":195,"column":5}},"2":{"start":{"line":14,"column":4},"end":{"line":14,"column":14}},"3":{"start":{"line":19,"column":4},"end":{"line":56,"column":9}},"4":{"start":{"line":21,"column":8},"end":{"line":21,"column":19}},"5":{"start":{"line":23,"column":8},"end":{"line":35,"column":13}},"6":{"start":{"line":24,"column":12},"end":{"line":34,"column":13}},"7":{"start":{"line":25,"column":16},"end":{"line":28,"column":30}},"8":{"start":{"line":30,"column":16},"end":{"line":33,"column":27}},"9":{"start":{"line":37,"column":8},"end":{"line":39,"column":21}},"10":{"start":{"line":40,"column":8},"end":{"line":53,"column":9}},"11":{"start":{"line":43,"column":12},"end":{"line":46,"column":14}},"12":{"start":{"line":47,"column":12},"end":{"line":47,"column":18}},"13":{"start":{"line":50,"column":12},"end":{"line":51,"column":46}},"14":{"start":{"line":52,"column":12},"end":{"line":52,"column":18}},"15":{"start":{"line":55,"column":8},"end":{"line":55,"column":35}},"16":{"start":{"line":61,"column":4},"end":{"line":63,"column":9}},"17":{"start":{"line":62,"column":8},"end":{"line":62,"column":15}},"18":{"start":{"line":64,"column":4},"end":{"line":77,"column":5}},"19":{"start":{"line":70,"column":8},"end":{"line":70,"column":14}},"20":{"start":{"line":76,"column":8},"end":{"line":76,"column":14}},"21":{"start":{"line":82,"column":4},"end":{"line":84,"column":9}},"22":{"start":{"line":83,"column":8},"end":{"line":83,"column":15}},"23":{"start":{"line":85,"column":4},"end":{"line":194,"column":5}},"24":{"start":{"line":91,"column":8},"end":{"line":99,"column":10}},"25":{"start":{"line":98,"column":12},"end":{"line":98,"column":35}},"26":{"start":{"line":102,"column":8},"end":{"line":104,"column":63}},"27":{"start":{"line":105,"column":8},"end":{"line":105,"column":14}},"28":{"start":{"line":112,"column":8},"end":{"line":121,"column":10},"skip":true},"29":{"start":{"line":119,"column":12},"end":{"line":119,"column":55},"skip":true},"30":{"start":{"line":120,"column":12},"end":{"line":120,"column":48},"skip":true},"31":{"start":{"line":123,"column":8},"end":{"line":136,"column":10},"skip":true},"32":{"start":{"line":130,"column":12},"end":{"line":130,"column":76},"skip":true},"33":{"start":{"line":131,"column":12},"end":{"line":131,"column":73},"skip":true},"34":{"start":{"line":132,"column":12},"end":{"line":132,"column":74},"skip":true},"35":{"start":{"line":133,"column":12},"end":{"line":133,"column":79},"skip":true},"36":{"start":{"line":134,"column":12},"end":{"line":134,"column":25},"skip":true},"37":{"start":{"line":135,"column":12},"end":{"line":135,"column":45},"skip":true},"38":{"start":{"line":138,"column":8},"end":{"line":145,"column":14},"skip":true},"39":{"start":{"line":143,"column":16},"end":{"line":143,"column":29},"skip":true},"40":{"start":{"line":144,"column":16},"end":{"line":144,"column":55},"skip":true},"41":{"start":{"line":147,"column":8},"end":{"line":156,"column":10},"skip":true},"42":{"start":{"line":154,"column":12},"end":{"line":154,"column":25},"skip":true},"43":{"start":{"line":155,"column":12},"end":{"line":155,"column":45},"skip":true},"44":{"start":{"line":158,"column":8},"end":{"line":167,"column":10},"skip":true},"45":{"start":{"line":165,"column":12},"end":{"line":165,"column":25},"skip":true},"46":{"start":{"line":166,"column":12},"end":{"line":166,"column":48},"skip":true},"47":{"start":{"line":169,"column":8},"end":{"line":178,"column":10},"skip":true},"48":{"start":{"line":176,"column":12},"end":{"line":176,"column":25},"skip":true},"49":{"start":{"line":177,"column":12},"end":{"line":177,"column":46},"skip":true},"50":{"start":{"line":180,"column":8},"end":{"line":189,"column":10},"skip":true},"51":{"start":{"line":187,"column":12},"end":{"line":187,"column":94},"skip":true},"52":{"start":{"line":188,"column":12},"end":{"line":188,"column":48},"skip":true},"53":{"start":{"line":192,"column":8},"end":{"line":192,"column":35},"skip":true},"54":{"start":{"line":193,"column":8},"end":{"line":193,"column":14},"skip":true}},"branchMap":{"1":{"line":25,"type":"binary-expr","locations":[{"start":{"line":25,"column":23},"end":{"line":25,"column":62}},{"start":{"line":26,"column":20},"end":{"line":26,"column":70}},{"start":{"line":27,"column":20},"end":{"line":27,"column":71}},{"start":{"line":28,"column":20},"end":{"line":28,"column":29}}]},"2":{"line":30,"type":"binary-expr","locations":[{"start":{"line":30,"column":23},"end":{"line":30,"column":37}},{"start":{"line":31,"column":20},"end":{"line":31,"column":61}},{"start":{"line":32,"column":20},"end":{"line":32,"column":70}},{"start":{"line":33,"column":20},"end":{"line":33,"column":26}}]},"3":{"line":37,"type":"cond-expr","locations":[{"start":{"line":38,"column":14},"end":{"line":38,"column":20}},{"start":{"line":39,"column":14},"end":{"line":39,"column":20}}]},"4":{"line":40,"type":"switch","locations":[{"start":{"line":42,"column":8},"end":{"line":47,"column":18}},{"start":{"line":49,"column":8},"end":{"line":52,"column":18}}]},"5":{"line":44,"type":"binary-expr","locations":[{"start":{"line":44,"column":16},"end":{"line":44,"column":44}},{"start":{"line":44,"column":48},"end":{"line":44,"column":66}}]},"6":{"line":50,"type":"binary-expr","locations":[{"start":{"line":50,"column":21},"end":{"line":50,"column":49}},{"start":{"line":50,"column":53},"end":{"line":50,"column":72}}]},"7":{"line":64,"type":"switch","locations":[{"start":{"line":69,"column":4},"end":{"line":70,"column":14}},{"start":{"line":75,"column":4},"end":{"line":76,"column":14}}]},"8":{"line":85,"type":"switch","locations":[{"start":{"line":90,"column":4},"end":{"line":105,"column":14}},{"start":{"line":111,"column":4},"end":{"line":193,"column":14},"skip":true}]},"9":{"line":91,"type":"binary-expr","locations":[{"start":{"line":91,"column":42},"end":{"line":91,"column":73}},{"start":{"line":91,"column":77},"end":{"line":99,"column":9}}]},"10":{"line":102,"type":"binary-expr","locations":[{"start":{"line":102,"column":18},"end":{"line":102,"column":32}},{"start":{"line":103,"column":12},"end":{"line":103,"column":53}},{"start":{"line":104,"column":12},"end":{"line":104,"column":61}}]},"11":{"line":112,"type":"binary-expr","locations":[{"start":{"line":112,"column":45},"end":{"line":112,"column":79},"skip":true},{"start":{"line":112,"column":83},"end":{"line":121,"column":9},"skip":true}]},"12":{"line":123,"type":"binary-expr","locations":[{"start":{"line":123,"column":42},"end":{"line":123,"column":73},"skip":true},{"start":{"line":123,"column":77},"end":{"line":136,"column":9},"skip":true}]},"13":{"line":138,"type":"binary-expr","locations":[{"start":{"line":138,"column":48},"end":{"line":138,"column":85},"skip":true},{"start":{"line":139,"column":12},"end":{"line":145,"column":13},"skip":true}]},"14":{"line":147,"type":"binary-expr","locations":[{"start":{"line":147,"column":42},"end":{"line":147,"column":73},"skip":true},{"start":{"line":147,"column":77},"end":{"line":156,"column":9},"skip":true}]},"15":{"line":158,"type":"binary-expr","locations":[{"start":{"line":158,"column":45},"end":{"line":158,"column":79},"skip":true},{"start":{"line":158,"column":83},"end":{"line":167,"column":9},"skip":true}]},"16":{"line":169,"type":"binary-expr","locations":[{"start":{"line":169,"column":43},"end":{"line":169,"column":75},"skip":true},{"start":{"line":169,"column":79},"end":{"line":178,"column":9},"skip":true}]},"17":{"line":180,"type":"binary-expr","locations":[{"start":{"line":180,"column":41},"end":{"line":180,"column":71},"skip":true},{"start":{"line":180,"column":75},"end":{"line":189,"column":9},"skip":true}]}},"code":["/* istanbul instrument in package npmtest_primus */","/*jslint","    bitwise: true,","    browser: true,","    maxerr: 8,","    maxlen: 96,","    node: true,","    nomen: true,","    regexp: true,","    stupid: true","*/","(function () {","    'use strict';","    var local;","","","","    // run shared js-env code - pre-init","    (function () {","        // init local","        local = {};","        // init modeJs","        local.modeJs = (function () {","            try {","                return typeof navigator.userAgent === 'string' &&","                    typeof document.querySelector('body') === 'object' &&","                    typeof XMLHttpRequest.prototype.open === 'function' &&","                    'browser';","            } catch (errorCaughtBrowser) {","                return module.exports &&","                    typeof process.versions.node === 'string' &&","                    typeof require('http').createServer === 'function' &&","                    'node';","            }","        }());","        // init global","        local.global = local.modeJs === 'browser'","            ? window","            : global;","        switch (local.modeJs) {","        // re-init local from window.local","        case 'browser':","            local = local.global.utility2.objectSetDefault(","                local.global.utility2_rollup || local.global.local,","                local.global.utility2","            );","            break;","        // re-init local from example.js","        case 'node':","            local = (local.global.utility2_rollup || require('utility2'))","                .requireExampleJsFromReadme();","            break;","        }","        // export local","        local.global.local = local;","    }());","","","","    // run shared js-env code - function","    (function () {","        return;","    }());","    switch (local.modeJs) {","","","","    // run browser js-env code - function","    case 'browser':","        break;","","","","    // run node js-env code - function","    case 'node':","        break;","    }","","","","    // run shared js-env code - post-init","    (function () {","        return;","    }());","    switch (local.modeJs) {","","","","    // run browser js-env code - post-init","    case 'browser':","        local.testCase_browser_nullCase = local.testCase_browser_nullCase || function (","            options,","            onError","        ) {","        /*","         * this function will test browsers's null-case handling-behavior-behavior","         */","            onError(null, options);","        };","","        // run tests","        local.nop(local.modeTest &&","            document.querySelector('#testRunButton1') &&","            document.querySelector('#testRunButton1').click());","        break;","","","","    // run node js-env code - post-init","    /* istanbul ignore next */","    case 'node':","        local.testCase_buildApidoc_default = local.testCase_buildApidoc_default || function (","            options,","            onError","        ) {","        /*","         * this function will test buildApidoc's default handling-behavior-behavior","         */","            options = { modulePathList: module.paths };","            local.buildApidoc(options, onError);","        };","","        local.testCase_buildApp_default = local.testCase_buildApp_default || function (","            options,","            onError","        ) {","        /*","         * this function will test buildApp's default handling-behavior-behavior","         */","            local.testCase_buildReadme_default(options, local.onErrorThrow);","            local.testCase_buildLib_default(options, local.onErrorThrow);","            local.testCase_buildTest_default(options, local.onErrorThrow);","            local.testCase_buildCustomOrg_default(options, local.onErrorThrow);","            options = [];","            local.buildApp(options, onError);","        };","","        local.testCase_buildCustomOrg_default = local.testCase_buildCustomOrg_default ||","            function (options, onError) {","            /*","             * this function will test buildCustomOrg's default handling-behavior","             */","                options = {};","                local.buildCustomOrg(options, onError);","            };","","        local.testCase_buildLib_default = local.testCase_buildLib_default || function (","            options,","            onError","        ) {","        /*","         * this function will test buildLib's default handling-behavior","         */","            options = {};","            local.buildLib(options, onError);","        };","","        local.testCase_buildReadme_default = local.testCase_buildReadme_default || function (","            options,","            onError","        ) {","        /*","         * this function will test buildReadme's default handling-behavior-behavior","         */","            options = {};","            local.buildReadme(options, onError);","        };","","        local.testCase_buildTest_default = local.testCase_buildTest_default || function (","            options,","            onError","        ) {","        /*","         * this function will test buildTest's default handling-behavior","         */","            options = {};","            local.buildTest(options, onError);","        };","","        local.testCase_webpage_default = local.testCase_webpage_default || function (","            options,","            onError","        ) {","        /*","         * this function will test webpage's default handling-behavior","         */","            options = { modeCoverageMerge: true, url: local.serverLocalHost + '?modeTest=1' };","            local.browserTest(options, onError);","        };","","        // run test-server","        local.testRunServer(local);","        break;","    }","}());",""],"l":{"12":2,"14":2,"19":2,"21":2,"23":2,"24":2,"25":2,"30":1,"37":2,"40":2,"43":1,"47":1,"50":1,"52":1,"55":2,"61":2,"62":2,"64":2,"70":1,"76":1,"82":2,"83":2,"85":2,"91":1,"98":1,"102":1,"105":1,"112":1,"119":1,"120":1,"123":1,"130":1,"131":1,"132":1,"133":1,"134":1,"135":1,"138":1,"143":2,"144":2,"147":1,"154":2,"155":2,"158":1,"165":2,"166":2,"169":1,"176":2,"177":2,"180":1,"187":1,"188":1,"192":1,"193":1}},"/home/travis/build/npmtest/node-npmtest-primus/lib.npmtest_primus.js":{"path":"/home/travis/build/npmtest/node-npmtest-primus/lib.npmtest_primus.js","s":{"1":2,"2":2,"3":2,"4":2,"5":2,"6":2,"7":2,"8":1,"9":2,"10":2,"11":2,"12":2,"13":1,"14":1,"15":1,"16":1},"b":{"1":[2,1,1,1],"2":[1,1,1,1],"3":[1,1],"4":[2,2],"5":[1,1]},"f":{"1":2,"2":2,"3":2},"fnMap":{"1":{"name":"(anonymous_1)","line":12,"loc":{"start":{"line":12,"column":1},"end":{"line":12,"column":13}}},"2":{"name":"(anonymous_2)","line":19,"loc":{"start":{"line":19,"column":5},"end":{"line":19,"column":17}}},"3":{"name":"(anonymous_3)","line":23,"loc":{"start":{"line":23,"column":24},"end":{"line":23,"column":36}}}},"statementMap":{"1":{"start":{"line":12,"column":0},"end":{"line":53,"column":5}},"2":{"start":{"line":14,"column":4},"end":{"line":14,"column":14}},"3":{"start":{"line":19,"column":4},"end":{"line":52,"column":9}},"4":{"start":{"line":21,"column":8},"end":{"line":21,"column":19}},"5":{"start":{"line":23,"column":8},"end":{"line":35,"column":13}},"6":{"start":{"line":24,"column":12},"end":{"line":34,"column":13}},"7":{"start":{"line":25,"column":16},"end":{"line":28,"column":30}},"8":{"start":{"line":30,"column":16},"end":{"line":33,"column":27}},"9":{"start":{"line":37,"column":8},"end":{"line":39,"column":21}},"10":{"start":{"line":41,"column":8},"end":{"line":41,"column":54}},"11":{"start":{"line":43,"column":8},"end":{"line":43,"column":51}},"12":{"start":{"line":45,"column":8},"end":{"line":51,"column":9}},"13":{"start":{"line":46,"column":12},"end":{"line":46,"column":57}},"14":{"start":{"line":48,"column":12},"end":{"line":48,"column":35}},"15":{"start":{"line":49,"column":12},"end":{"line":49,"column":49}},"16":{"start":{"line":50,"column":12},"end":{"line":50,"column":43}}},"branchMap":{"1":{"line":25,"type":"binary-expr","locations":[{"start":{"line":25,"column":23},"end":{"line":25,"column":62}},{"start":{"line":26,"column":20},"end":{"line":26,"column":70}},{"start":{"line":27,"column":20},"end":{"line":27,"column":71}},{"start":{"line":28,"column":20},"end":{"line":28,"column":29}}]},"2":{"line":30,"type":"binary-expr","locations":[{"start":{"line":30,"column":23},"end":{"line":30,"column":37}},{"start":{"line":31,"column":20},"end":{"line":31,"column":61}},{"start":{"line":32,"column":20},"end":{"line":32,"column":70}},{"start":{"line":33,"column":20},"end":{"line":33,"column":26}}]},"3":{"line":37,"type":"cond-expr","locations":[{"start":{"line":38,"column":14},"end":{"line":38,"column":20}},{"start":{"line":39,"column":14},"end":{"line":39,"column":20}}]},"4":{"line":41,"type":"binary-expr","locations":[{"start":{"line":41,"column":16},"end":{"line":41,"column":44}},{"start":{"line":41,"column":48},"end":{"line":41,"column":53}}]},"5":{"line":45,"type":"if","locations":[{"start":{"line":45,"column":8},"end":{"line":45,"column":8}},{"start":{"line":45,"column":8},"end":{"line":45,"column":8}}]}},"code":["/* istanbul instrument in package npmtest_primus */","/*jslint","    bitwise: true,","    browser: true,","    maxerr: 8,","    maxlen: 96,","    node: true,","    nomen: true,","    regexp: true,","    stupid: true","*/","(function () {","    'use strict';","    var local;","","","","    // run shared js-env code - pre-init","    (function () {","        // init local","        local = {};","        // init modeJs","        local.modeJs = (function () {","            try {","                return typeof navigator.userAgent === 'string' &&","                    typeof document.querySelector('body') === 'object' &&","                    typeof XMLHttpRequest.prototype.open === 'function' &&","                    'browser';","            } catch (errorCaughtBrowser) {","                return module.exports &&","                    typeof process.versions.node === 'string' &&","                    typeof require('http').createServer === 'function' &&","                    'node';","            }","        }());","        // init global","        local.global = local.modeJs === 'browser'","            ? window","            : global;","        // init utility2_rollup","        local = local.global.utility2_rollup || local;","        // init lib","        local.local = local.npmtest_primus = local;","        // init exports","        if (local.modeJs === 'browser') {","            local.global.utility2_npmtest_primus = local;","        } else {","            module.exports = local;","            module.exports.__dirname = __dirname;","            module.exports.module = module;","        }","    }());","}());",""],"l":{"12":2,"14":2,"19":2,"21":2,"23":2,"24":2,"25":2,"30":1,"37":2,"41":2,"43":2,"45":2,"46":1,"48":1,"49":1,"50":1}},"/home/travis/build/npmtest/node-npmtest-primus/example.js":{"path":"/home/travis/build/npmtest/node-npmtest-primus/example.js","s":{"1":2,"2":2,"3":2,"4":2,"5":2,"6":2,"7":2,"8":1,"9":2,"10":2,"11":2,"12":2,"13":1,"14":2,"15":2,"16":2,"17":2,"18":2,"19":0,"20":2,"21":1,"22":1,"23":1,"24":1,"25":1,"26":0,"27":0,"28":1,"29":1,"30":2,"31":0,"32":0,"33":0,"34":1,"35":2,"36":2,"37":3,"38":3,"39":3,"40":3,"41":0,"42":3,"43":3,"44":3,"45":1,"46":3,"47":1,"48":1,"49":1,"50":1,"51":1,"52":1,"53":1,"54":1,"55":1,"56":1,"57":0,"58":1,"59":6,"60":6,"61":1,"62":2,"63":0,"64":2,"65":1,"66":1,"67":0,"68":0,"69":0,"70":0,"71":0,"72":0,"73":0,"74":0,"75":0,"76":0,"77":0,"78":0,"79":0,"80":0,"81":0,"82":0,"83":0},"b":{"1":[2,1,1,1],"2":[1,1,1,1],"3":[1,1],"4":[2,2],"5":[1,1],"6":[1,1],"7":[2,0],"8":[2,1,1,1,1,1],"9":[0,2,0],"10":[1,1],"11":[2,1,1],"12":[1,0],"13":[0,2],"14":[2,0,0,0,0,0,0],"15":[0,3],"16":[3,0],"17":[1,1],"18":[0,1],"19":[1,2,0,2],"20":[1,0],"21":[1,1],"22":[0,0],"23":[0,0],"24":[0,0],"25":[0,0],"26":[0,0],"27":[0,0],"28":[0,0]},"f":{"1":2,"2":2,"3":2,"4":2,"5":2,"6":2,"7":3,"8":3,"9":3,"10":1,"11":6,"12":0},"fnMap":{"1":{"name":"(anonymous_1)","line":26,"loc":{"start":{"line":26,"column":1},"end":{"line":26,"column":13}}},"2":{"name":"(anonymous_2)","line":33,"loc":{"start":{"line":33,"column":5},"end":{"line":33,"column":17}}},"3":{"name":"(anonymous_3)","line":37,"loc":{"start":{"line":37,"column":24},"end":{"line":37,"column":36}}},"4":{"name":"(anonymous_4)","line":69,"loc":{"start":{"line":69,"column":31},"end":{"line":69,"column":48}},"skip":true},"5":{"name":"(anonymous_5)","line":78,"loc":{"start":{"line":78,"column":26},"end":{"line":78,"column":45}},"skip":true},"6":{"name":"(anonymous_6)","line":123,"loc":{"start":{"line":123,"column":33},"end":{"line":123,"column":48}},"skip":true},"7":{"name":"(anonymous_7)","line":125,"loc":{"start":{"line":125,"column":27},"end":{"line":125,"column":39}},"skip":true},"8":{"name":"(anonymous_8)","line":133,"loc":{"start":{"line":133,"column":59},"end":{"line":133,"column":74}},"skip":true},"9":{"name":"(anonymous_9)","line":143,"loc":{"start":{"line":143,"column":45},"end":{"line":143,"column":62}},"skip":true},"10":{"name":"(anonymous_10)","line":144,"loc":{"start":{"line":144,"column":73},"end":{"line":144,"column":92}},"skip":true},"11":{"name":"(anonymous_11)","line":272,"loc":{"start":{"line":272,"column":51},"end":{"line":272,"column":77}},"skip":true},"12":{"name":"(anonymous_12)","line":315,"loc":{"start":{"line":315,"column":32},"end":{"line":315,"column":61}},"skip":true}},"statementMap":{"1":{"start":{"line":26,"column":0},"end":{"line":326,"column":5}},"2":{"start":{"line":28,"column":4},"end":{"line":28,"column":14}},"3":{"start":{"line":33,"column":4},"end":{"line":60,"column":9}},"4":{"start":{"line":35,"column":8},"end":{"line":35,"column":19}},"5":{"start":{"line":37,"column":8},"end":{"line":49,"column":13}},"6":{"start":{"line":38,"column":12},"end":{"line":48,"column":13}},"7":{"start":{"line":39,"column":16},"end":{"line":42,"column":30}},"8":{"start":{"line":44,"column":16},"end":{"line":47,"column":27}},"9":{"start":{"line":51,"column":8},"end":{"line":53,"column":21}},"10":{"start":{"line":55,"column":8},"end":{"line":57,"column":45}},"11":{"start":{"line":59,"column":8},"end":{"line":59,"column":35}},"12":{"start":{"line":61,"column":4},"end":{"line":325,"column":5}},"13":{"start":{"line":69,"column":8},"end":{"line":121,"column":10},"skip":true},"14":{"start":{"line":70,"column":12},"end":{"line":88,"column":13},"skip":true},"15":{"start":{"line":76,"column":16},"end":{"line":87,"column":19},"skip":true},"16":{"start":{"line":79,"column":20},"end":{"line":86,"column":21},"skip":true},"17":{"start":{"line":82,"column":24},"end":{"line":82,"column":43},"skip":true},"18":{"start":{"line":83,"column":24},"end":{"line":83,"column":30},"skip":true},"19":{"start":{"line":85,"column":24},"end":{"line":85,"column":49},"skip":true},"20":{"start":{"line":89,"column":12},"end":{"line":107,"column":13},"skip":true},"21":{"start":{"line":92,"column":16},"end":{"line":102,"column":17},"skip":true},"22":{"start":{"line":93,"column":20},"end":{"line":93,"column":86},"skip":true},"23":{"start":{"line":94,"column":20},"end":{"line":95,"column":45},"skip":true},"24":{"start":{"line":96,"column":20},"end":{"line":96,"column":42},"skip":true},"25":{"start":{"line":97,"column":20},"end":{"line":97,"column":48},"skip":true},"26":{"start":{"line":100,"column":20},"end":{"line":100,"column":85},"skip":true},"27":{"start":{"line":101,"column":20},"end":{"line":101,"column":96},"skip":true},"28":{"start":{"line":103,"column":16},"end":{"line":103,"column":22},"skip":true},"29":{"start":{"line":106,"column":16},"end":{"line":106,"column":22},"skip":true},"30":{"start":{"line":108,"column":12},"end":{"line":120,"column":13},"skip":true},"31":{"start":{"line":114,"column":16},"end":{"line":119,"column":17},"skip":true},"32":{"start":{"line":116,"column":20},"end":{"line":116,"column":78},"skip":true},"33":{"start":{"line":118,"column":20},"end":{"line":118,"column":47},"skip":true},"34":{"start":{"line":123,"column":8},"end":{"line":141,"column":11},"skip":true},"35":{"start":{"line":124,"column":12},"end":{"line":124,"column":54},"skip":true},"36":{"start":{"line":125,"column":12},"end":{"line":140,"column":14},"skip":true},"37":{"start":{"line":126,"column":16},"end":{"line":126,"column":28},"skip":true},"38":{"start":{"line":127,"column":16},"end":{"line":127,"column":69},"skip":true},"39":{"start":{"line":128,"column":16},"end":{"line":128,"column":75},"skip":true},"40":{"start":{"line":129,"column":16},"end":{"line":131,"column":17},"skip":true},"41":{"start":{"line":130,"column":20},"end":{"line":130,"column":27},"skip":true},"42":{"start":{"line":133,"column":16},"end":{"line":137,"column":36},"skip":true},"43":{"start":{"line":134,"column":20},"end":{"line":136,"column":55},"skip":true},"44":{"start":{"line":139,"column":16},"end":{"line":139,"column":57},"skip":true},"45":{"start":{"line":143,"column":8},"end":{"line":147,"column":11},"skip":true},"46":{"start":{"line":144,"column":12},"end":{"line":146,"column":15},"skip":true},"47":{"start":{"line":145,"column":16},"end":{"line":145,"column":70},"skip":true},"48":{"start":{"line":149,"column":8},"end":{"line":149,"column":31},"skip":true},"49":{"start":{"line":150,"column":8},"end":{"line":150,"column":14},"skip":true},"50":{"start":{"line":158,"column":8},"end":{"line":158,"column":31},"skip":true},"51":{"start":{"line":160,"column":8},"end":{"line":160,"column":33},"skip":true},"52":{"start":{"line":161,"column":8},"end":{"line":161,"column":37},"skip":true},"53":{"start":{"line":162,"column":8},"end":{"line":162,"column":35},"skip":true},"54":{"start":{"line":164,"column":8},"end":{"line":164,"column":50},"skip":true},"55":{"start":{"line":166,"column":8},"end":{"line":256,"column":2},"skip":true},"56":{"start":{"line":258,"column":8},"end":{"line":286,"column":9},"skip":true},"57":{"start":{"line":259,"column":12},"end":{"line":269,"column":14},"skip":true},"58":{"start":{"line":271,"column":12},"end":{"line":285,"column":19},"skip":true},"59":{"start":{"line":274,"column":20},"end":{"line":274,"column":35},"skip":true},"60":{"start":{"line":275,"column":20},"end":{"line":284,"column":21},"skip":true},"61":{"start":{"line":277,"column":24},"end":{"line":277,"column":64},"skip":true},"62":{"start":{"line":279,"column":24},"end":{"line":279,"column":40},"skip":true},"63":{"start":{"line":281,"column":24},"end":{"line":281,"column":40},"skip":true},"64":{"start":{"line":283,"column":24},"end":{"line":283,"column":39},"skip":true},"65":{"start":{"line":288,"column":8},"end":{"line":290,"column":9},"skip":true},"66":{"start":{"line":289,"column":12},"end":{"line":289,"column":18},"skip":true},"67":{"start":{"line":291,"column":8},"end":{"line":293,"column":54},"skip":true},"68":{"start":{"line":296,"column":8},"end":{"line":301,"column":37},"skip":true},"69":{"start":{"line":303,"column":8},"end":{"line":303,"column":82},"skip":true},"70":{"start":{"line":306,"column":8},"end":{"line":308,"column":9},"skip":true},"71":{"start":{"line":307,"column":12},"end":{"line":307,"column":82},"skip":true},"72":{"start":{"line":310,"column":8},"end":{"line":312,"column":9},"skip":true},"73":{"start":{"line":311,"column":12},"end":{"line":311,"column":18},"skip":true},"74":{"start":{"line":313,"column":8},"end":{"line":313,"column":54},"skip":true},"75":{"start":{"line":314,"column":8},"end":{"line":314,"column":69},"skip":true},"76":{"start":{"line":315,"column":8},"end":{"line":323,"column":36},"skip":true},"77":{"start":{"line":316,"column":12},"end":{"line":316,"column":61},"skip":true},"78":{"start":{"line":317,"column":12},"end":{"line":320,"column":13},"skip":true},"79":{"start":{"line":318,"column":16},"end":{"line":318,"column":75},"skip":true},"80":{"start":{"line":319,"column":16},"end":{"line":319,"column":23},"skip":true},"81":{"start":{"line":321,"column":12},"end":{"line":321,"column":38},"skip":true},"82":{"start":{"line":322,"column":12},"end":{"line":322,"column":27},"skip":true},"83":{"start":{"line":324,"column":8},"end":{"line":324,"column":14},"skip":true}},"branchMap":{"1":{"line":39,"type":"binary-expr","locations":[{"start":{"line":39,"column":23},"end":{"line":39,"column":62}},{"start":{"line":40,"column":20},"end":{"line":40,"column":70}},{"start":{"line":41,"column":20},"end":{"line":41,"column":71}},{"start":{"line":42,"column":20},"end":{"line":42,"column":29}}]},"2":{"line":44,"type":"binary-expr","locations":[{"start":{"line":44,"column":23},"end":{"line":44,"column":37}},{"start":{"line":45,"column":20},"end":{"line":45,"column":61}},{"start":{"line":46,"column":20},"end":{"line":46,"column":70}},{"start":{"line":47,"column":20},"end":{"line":47,"column":26}}]},"3":{"line":51,"type":"cond-expr","locations":[{"start":{"line":52,"column":14},"end":{"line":52,"column":20}},{"start":{"line":53,"column":14},"end":{"line":53,"column":20}}]},"4":{"line":55,"type":"binary-expr","locations":[{"start":{"line":55,"column":16},"end":{"line":55,"column":44}},{"start":{"line":55,"column":49},"end":{"line":57,"column":43}}]},"5":{"line":55,"type":"cond-expr","locations":[{"start":{"line":56,"column":14},"end":{"line":56,"column":50}},{"start":{"line":57,"column":14},"end":{"line":57,"column":43}}]},"6":{"line":61,"type":"switch","locations":[{"start":{"line":68,"column":4},"end":{"line":150,"column":14},"skip":true},{"start":{"line":156,"column":4},"end":{"line":324,"column":14},"skip":true}]},"7":{"line":70,"type":"if","locations":[{"start":{"line":70,"column":12},"end":{"line":70,"column":12},"skip":true},{"start":{"line":70,"column":12},"end":{"line":70,"column":12},"skip":true}]},"8":{"line":70,"type":"binary-expr","locations":[{"start":{"line":70,"column":16},"end":{"line":70,"column":22},"skip":true},{"start":{"line":70,"column":27},"end":{"line":70,"column":32},"skip":true},{"start":{"line":71,"column":20},"end":{"line":71,"column":39},"skip":true},{"start":{"line":72,"column":20},"end":{"line":72,"column":49},"skip":true},{"start":{"line":73,"column":20},"end":{"line":73,"column":58},"skip":true},{"start":{"line":74,"column":20},"end":{"line":74,"column":69},"skip":true}]},"9":{"line":79,"type":"switch","locations":[{"start":{"line":80,"column":20},"end":{"line":80,"column":33},"skip":true},{"start":{"line":81,"column":20},"end":{"line":83,"column":30},"skip":true},{"start":{"line":84,"column":20},"end":{"line":85,"column":49},"skip":true}]},"10":{"line":89,"type":"switch","locations":[{"start":{"line":90,"column":12},"end":{"line":103,"column":22},"skip":true},{"start":{"line":105,"column":12},"end":{"line":106,"column":22},"skip":true}]},"11":{"line":89,"type":"binary-expr","locations":[{"start":{"line":89,"column":20},"end":{"line":89,"column":25},"skip":true},{"start":{"line":89,"column":29},"end":{"line":89,"column":48},"skip":true},{"start":{"line":89,"column":52},"end":{"line":89,"column":74},"skip":true}]},"12":{"line":92,"type":"if","locations":[{"start":{"line":92,"column":16},"end":{"line":92,"column":16},"skip":true},{"start":{"line":92,"column":16},"end":{"line":92,"column":16},"skip":true}]},"13":{"line":108,"type":"if","locations":[{"start":{"line":108,"column":12},"end":{"line":108,"column":12},"skip":true},{"start":{"line":108,"column":12},"end":{"line":108,"column":12},"skip":true}]},"14":{"line":108,"type":"binary-expr","locations":[{"start":{"line":108,"column":16},"end":{"line":108,"column":61},"skip":true},{"start":{"line":108,"column":66},"end":{"line":108,"column":72},"skip":true},{"start":{"line":108,"column":77},"end":{"line":108,"column":82},"skip":true},{"start":{"line":109,"column":20},"end":{"line":109,"column":39},"skip":true},{"start":{"line":110,"column":20},"end":{"line":110,"column":49},"skip":true},{"start":{"line":111,"column":20},"end":{"line":111,"column":58},"skip":true},{"start":{"line":112,"column":20},"end":{"line":112,"column":68},"skip":true}]},"15":{"line":129,"type":"if","locations":[{"start":{"line":129,"column":16},"end":{"line":129,"column":16},"skip":true},{"start":{"line":129,"column":16},"end":{"line":129,"column":16},"skip":true}]},"16":{"line":134,"type":"cond-expr","locations":[{"start":{"line":135,"column":26},"end":{"line":135,"column":29},"skip":true},{"start":{"line":136,"column":26},"end":{"line":136,"column":54},"skip":true}]},"17":{"line":164,"type":"binary-expr","locations":[{"start":{"line":164,"column":27},"end":{"line":164,"column":43},"skip":true},{"start":{"line":164,"column":47},"end":{"line":164,"column":49},"skip":true}]},"18":{"line":258,"type":"if","locations":[{"start":{"line":258,"column":8},"end":{"line":258,"column":8},"skip":true},{"start":{"line":258,"column":8},"end":{"line":258,"column":8},"skip":true}]},"19":{"line":275,"type":"switch","locations":[{"start":{"line":276,"column":20},"end":{"line":277,"column":64},"skip":true},{"start":{"line":278,"column":20},"end":{"line":279,"column":40},"skip":true},{"start":{"line":280,"column":20},"end":{"line":281,"column":40},"skip":true},{"start":{"line":282,"column":20},"end":{"line":283,"column":39},"skip":true}]},"20":{"line":288,"type":"if","locations":[{"start":{"line":288,"column":8},"end":{"line":288,"column":8},"skip":true},{"start":{"line":288,"column":8},"end":{"line":288,"column":8},"skip":true}]},"21":{"line":288,"type":"binary-expr","locations":[{"start":{"line":288,"column":12},"end":{"line":288,"column":40},"skip":true},{"start":{"line":288,"column":44},"end":{"line":288,"column":67},"skip":true}]},"22":{"line":292,"type":"binary-expr","locations":[{"start":{"line":292,"column":12},"end":{"line":292,"column":50},"skip":true},{"start":{"line":293,"column":12},"end":{"line":293,"column":53},"skip":true}]},"23":{"line":297,"type":"binary-expr","locations":[{"start":{"line":297,"column":12},"end":{"line":297,"column":64},"skip":true},{"start":{"line":298,"column":12},"end":{"line":301,"column":36},"skip":true}]},"24":{"line":303,"type":"binary-expr","locations":[{"start":{"line":303,"column":43},"end":{"line":303,"column":75},"skip":true},{"start":{"line":303,"column":79},"end":{"line":303,"column":81},"skip":true}]},"25":{"line":306,"type":"if","locations":[{"start":{"line":306,"column":8},"end":{"line":306,"column":8},"skip":true},{"start":{"line":306,"column":8},"end":{"line":306,"column":8},"skip":true}]},"26":{"line":310,"type":"if","locations":[{"start":{"line":310,"column":8},"end":{"line":310,"column":8},"skip":true},{"start":{"line":310,"column":8},"end":{"line":310,"column":8},"skip":true}]},"27":{"line":313,"type":"binary-expr","locations":[{"start":{"line":313,"column":27},"end":{"line":313,"column":43},"skip":true},{"start":{"line":313,"column":47},"end":{"line":313,"column":53},"skip":true}]},"28":{"line":317,"type":"if","locations":[{"start":{"line":317,"column":12},"end":{"line":317,"column":12},"skip":true},{"start":{"line":317,"column":12},"end":{"line":317,"column":12},"skip":true}]}},"code":["/*","example.js","","quickstart example","","instruction","    1. save this script as example.js","    2. run the shell command:","        $ npm install npmtest-primus && PORT=8081 node example.js","    3. play with the browser-demo on http://127.0.0.1:8081","*/","","","","/* istanbul instrument in package npmtest_primus */","/*jslint","    bitwise: true,","    browser: true,","    maxerr: 8,","    maxlen: 96,","    node: true,","    nomen: true,","    regexp: true,","    stupid: true","*/","(function () {","    'use strict';","    var local;","","","","    // run shared js-env code - pre-init","    (function () {","        // init local","        local = {};","        // init modeJs","        local.modeJs = (function () {","            try {","                return typeof navigator.userAgent === 'string' &&","                    typeof document.querySelector('body') === 'object' &&","                    typeof XMLHttpRequest.prototype.open === 'function' &&","                    'browser';","            } catch (errorCaughtBrowser) {","                return module.exports &&","                    typeof process.versions.node === 'string' &&","                    typeof require('http').createServer === 'function' &&","                    'node';","            }","        }());","        // init global","        local.global = local.modeJs === 'browser'","            ? window","            : global;","        // init utility2_rollup","        local = local.global.utility2_rollup || (local.modeJs === 'browser'","            ? local.global.utility2_npmtest_primus","            : global.utility2_moduleExports);","        // export local","        local.global.local = local;","    }());","    switch (local.modeJs) {","","","","    // post-init","    // run browser js-env code - post-init","    /* istanbul ignore next */","    case 'browser':","        local.testRunBrowser = function (event) {","            if (!event || (event &&","                    event.currentTarget &&","                    event.currentTarget.className &&","                    event.currentTarget.className.includes &&","                    event.currentTarget.className.includes('onreset'))) {","                // reset output","                Array.from(","                    document.querySelectorAll('body > .resettable')","                ).forEach(function (element) {","                    switch (element.tagName) {","                    case 'INPUT':","                    case 'TEXTAREA':","                        element.value = '';","                        break;","                    default:","                        element.textContent = '';","                    }","                });","            }","            switch (event && event.currentTarget && event.currentTarget.id) {","            case 'testRunButton1':","                // show tests","                if (document.querySelector('#testReportDiv1').style.display === 'none') {","                    document.querySelector('#testReportDiv1').style.display = 'block';","                    document.querySelector('#testRunButton1').textContent =","                        'hide internal test';","                    local.modeTest = true;","                    local.testRunDefault(local);","                // hide tests","                } else {","                    document.querySelector('#testReportDiv1').style.display = 'none';","                    document.querySelector('#testRunButton1').textContent = 'run internal test';","                }","                break;","            // custom-case","            default:","                break;","            }","            if (document.querySelector('#inputTextareaEval1') && (!event || (event &&","                    event.currentTarget &&","                    event.currentTarget.className &&","                    event.currentTarget.className.includes &&","                    event.currentTarget.className.includes('oneval')))) {","                // try to eval input-code","                try {","                    /*jslint evil: true*/","                    eval(document.querySelector('#inputTextareaEval1').value);","                } catch (errorCaught) {","                    console.error(errorCaught);","                }","            }","        };","        // log stderr and stdout to #outputTextareaStdout1","        ['error', 'log'].forEach(function (key) {","            console[key + '_original'] = console[key];","            console[key] = function () {","                var element;","                console[key + '_original'].apply(console, arguments);","                element = document.querySelector('#outputTextareaStdout1');","                if (!element) {","                    return;","                }","                // append text to #outputTextareaStdout1","                element.value += Array.from(arguments).map(function (arg) {","                    return typeof arg === 'string'","                        ? arg","                        : JSON.stringify(arg, null, 4);","                }).join(' ') + '\\n';","                // scroll textarea to bottom","                element.scrollTop = element.scrollHeight;","            };","        });","        // init event-handling","        ['change', 'click', 'keyup'].forEach(function (event) {","            Array.from(document.querySelectorAll('.on' + event)).forEach(function (element) {","                element.addEventListener(event, local.testRunBrowser);","            });","        });","        // run tests","        local.testRunBrowser();","        break;","","","","    // run node js-env code - post-init","    /* istanbul ignore next */","    case 'node':","        // export local","        module.exports = local;","        // require modules","        local.fs = require('fs');","        local.http = require('http');","        local.url = require('url');","        // init assets","        local.assetsDict = local.assetsDict || {};","        /* jslint-ignore-begin */","        local.assetsDict['/assets.index.template.html'] = '\\","<!doctype html>\\n\\","<html lang=\"en\">\\n\\","<head>\\n\\","<meta charset=\"UTF-8\">\\n\\","<meta name=\"viewport\" content=\"width=device-width, initial-scale=1\">\\n\\","<title>{{env.npm_package_name}} (v{{env.npm_package_version}})</title>\\n\\","<style>\\n\\","/*csslint\\n\\","    box-sizing: false,\\n\\","    universal-selector: false\\n\\","*/\\n\\","* {\\n\\","    box-sizing: border-box;\\n\\","}\\n\\","body {\\n\\","    background: #dde;\\n\\","    font-family: Arial, Helvetica, sans-serif;\\n\\","    margin: 2rem;\\n\\","}\\n\\","body > * {\\n\\","    margin-bottom: 1rem;\\n\\","}\\n\\",".utility2FooterDiv {\\n\\","    margin-top: 20px;\\n\\","    text-align: center;\\n\\","}\\n\\","</style>\\n\\","<style>\\n\\","/*csslint\\n\\","*/\\n\\","textarea {\\n\\","    font-family: monospace;\\n\\","    height: 10rem;\\n\\","    width: 100%;\\n\\","}\\n\\","textarea[readonly] {\\n\\","    background: #ddd;\\n\\","}\\n\\","</style>\\n\\","</head>\\n\\","<body>\\n\\","<!-- utility2-comment\\n\\","<div id=\"ajaxProgressDiv1\" style=\"background: #d00; height: 2px; left: 0; margin: 0; padding: 0; position: fixed; top: 0; transition: background 0.5s, width 1.5s; width: 25%;\"></div>\\n\\","utility2-comment -->\\n\\","<h1>\\n\\","<!-- utility2-comment\\n\\","    <a\\n\\","        {{#if env.npm_package_homepage}}\\n\\","        href=\"{{env.npm_package_homepage}}\"\\n\\","        {{/if env.npm_package_homepage}}\\n\\","        target=\"_blank\"\\n\\","    >\\n\\","utility2-comment -->\\n\\","        {{env.npm_package_name}} (v{{env.npm_package_version}})\\n\\","<!-- utility2-comment\\n\\","    </a>\\n\\","utility2-comment -->\\n\\","</h1>\\n\\","<h3>{{env.npm_package_description}}</h3>\\n\\","<!-- utility2-comment\\n\\","<h4><a download href=\"assets.app.js\">download standalone app</a></h4>\\n\\","<button class=\"onclick onreset\" id=\"testRunButton1\">run internal test</button><br>\\n\\","<div id=\"testReportDiv1\" style=\"display: none;\"></div>\\n\\","utility2-comment -->\\n\\","\\n\\","\\n\\","\\n\\","<label>stderr and stdout</label>\\n\\","<textarea class=\"resettable\" id=\"outputTextareaStdout1\" readonly></textarea>\\n\\","<!-- utility2-comment\\n\\","{{#if isRollup}}\\n\\","<script src=\"assets.app.js\"></script>\\n\\","{{#unless isRollup}}\\n\\","utility2-comment -->\\n\\","<script src=\"assets.utility2.rollup.js\"></script>\\n\\","<script src=\"jsonp.utility2._stateInit?callback=window.utility2._stateInit\"></script>\\n\\","<script src=\"assets.npmtest_primus.rollup.js\"></script>\\n\\","<script src=\"assets.example.js\"></script>\\n\\","<script src=\"assets.test.js\"></script>\\n\\","<!-- utility2-comment\\n\\","{{/if isRollup}}\\n\\","utility2-comment -->\\n\\","<div class=\"utility2FooterDiv\">\\n\\","    [ this app was created with\\n\\","    <a href=\"https://github.com/kaizhu256/node-utility2\" target=\"_blank\">utility2</a>\\n\\","    ]\\n\\","</div>\\n\\","</body>\\n\\","</html>\\n\\","';","        /* jslint-ignore-end */","        if (local.templateRender) {","            local.assetsDict['/'] = local.templateRender(","                local.assetsDict['/assets.index.template.html'],","                {","                    env: local.objectSetDefault(local.env, {","                        npm_package_description: 'the greatest app in the world!',","                        npm_package_name: 'my-app',","                        npm_package_nameAlias: 'my_app',","                        npm_package_version: '0.0.1'","                    })","                }","            );","        } else {","            local.assetsDict['/'] = local.assetsDict['/assets.index.template.html']","                .replace((/\\{\\{env\\.(\\w+?)\\}\\}/g), function (match0, match1) {","                    // jslint-hack","                    String(match0);","                    switch (match1) {","                    case 'npm_package_description':","                        return 'the greatest app in the world!';","                    case 'npm_package_name':","                        return 'my-app';","                    case 'npm_package_nameAlias':","                        return 'my_app';","                    case 'npm_package_version':","                        return '0.0.1';","                    }","                });","        }","        // run the cli","        if (local.global.utility2_rollup || module !== require.main) {","            break;","        }","        local.assetsDict['/assets.example.js'] =","            local.assetsDict['/assets.example.js'] ||","            local.fs.readFileSync(__filename, 'utf8');","        // bug-workaround - long $npm_package_buildCustomOrg","        /* jslint-ignore-begin */","        local.assetsDict['/assets.npmtest_primus.rollup.js'] =","            local.assetsDict['/assets.npmtest_primus.rollup.js'] ||","            local.fs.readFileSync(","                local.npmtest_primus.__dirname + '/lib.npmtest_primus.js',","                'utf8'","            ).replace((/^#!/), '//');","        /* jslint-ignore-end */","        local.assetsDict['/favicon.ico'] = local.assetsDict['/favicon.ico'] || '';","        // if $npm_config_timeout_exit exists,","        // then exit this process after $npm_config_timeout_exit ms","        if (Number(process.env.npm_config_timeout_exit)) {","            setTimeout(process.exit, Number(process.env.npm_config_timeout_exit));","        }","        // start server","        if (local.global.utility2_serverHttp1) {","            break;","        }","        process.env.PORT = process.env.PORT || '8081';","        console.error('server starting on port ' + process.env.PORT);","        local.http.createServer(function (request, response) {","            request.urlParsed = local.url.parse(request.url);","            if (local.assetsDict[request.urlParsed.pathname] !== undefined) {","                response.end(local.assetsDict[request.urlParsed.pathname]);","                return;","            }","            response.statusCode = 404;","            response.end();","        }).listen(process.env.PORT);","        break;","    }","}());",""],"l":{"26":2,"28":2,"33":2,"35":2,"37":2,"38":2,"39":2,"44":1,"51":2,"55":2,"59":2,"61":2,"69":1,"70":2,"76":2,"79":2,"82":2,"83":2,"85":1,"89":2,"92":1,"93":1,"94":1,"96":1,"97":1,"100":1,"101":1,"103":1,"106":1,"108":2,"114":1,"116":1,"118":1,"123":1,"124":2,"125":2,"126":3,"127":3,"128":3,"129":3,"130":1,"133":3,"134":3,"139":3,"143":1,"144":3,"145":1,"149":1,"150":1,"158":1,"160":1,"161":1,"162":1,"164":1,"166":1,"258":1,"259":1,"271":1,"274":6,"275":6,"277":1,"279":2,"281":1,"283":2,"288":1,"289":1,"291":1,"296":1,"303":1,"306":1,"307":1,"310":1,"311":1,"313":1,"314":1,"315":1,"316":1,"317":1,"318":1,"319":1,"321":1,"322":1,"324":1}},"/home/travis/build/npmtest/node-npmtest-primus/node_modules/primus/index.js":{"path":"/home/travis/build/npmtest/node-npmtest-primus/node_modules/primus/index.js","s":{"1":1,"2":1,"3":0,"4":0,"5":0,"6":0,"7":0,"8":0,"9":0,"10":0,"11":0,"12":0,"13":0,"14":0,"15":0,"16":0,"17":0,"18":0,"19":0,"20":0,"21":0,"22":0,"23":0,"24":0,"25":0,"26":0,"27":0,"28":0,"29":0,"30":0,"31":0,"32":0,"33":0,"34":0,"35":0,"36":0,"37":0,"38":0,"39":0,"40":0,"41":0,"42":0,"43":0,"44":0,"45":0,"46":0,"47":1,"48":1,"49":0,"50":0,"51":0,"52":1,"53":0,"54":0,"55":0,"56":0,"57":0,"58":0,"59":1,"60":1,"61":1,"62":1,"63":0,"64":0,"65":0,"66":0,"67":0,"68":0,"69":0,"70":0,"71":0,"72":0,"73":0,"74":0,"75":0,"76":0,"77":0,"78":0,"79":1,"80":0,"81":0,"82":0,"83":0,"84":0,"85":0,"86":0,"87":0,"88":0,"89":0,"90":0,"91":0,"92":0,"93":0,"94":0,"95":0,"96":0,"97":0,"98":0,"99":0,"100":0,"101":0,"102":0,"103":0,"104":0,"105":0,"106":0,"107":0,"108":0,"109":0,"110":0,"111":0,"112":0,"113":0,"114":0,"115":0,"116":0,"117":0,"118":0,"119":0,"120":0,"121":1,"122":0,"123":0,"124":0,"125":0,"126":0,"127":0,"128":0,"129":1,"130":0,"131":0,"132":0,"133":0,"134":0,"135":0,"136":0,"137":1,"138":0,"139":0,"140":0,"141":0,"142":0,"143":0,"144":0,"145":0,"146":0,"147":0,"148":0,"149":0,"150":0,"151":0,"152":0,"153":0,"154":1,"155":0,"156":0,"157":0,"158":1,"159":0,"160":0,"161":0,"162":1,"163":0,"164":0,"165":0,"166":0,"167":0,"168":0,"169":0,"170":0,"171":0,"172":0,"173":0,"174":0,"175":0,"176":0,"177":0,"178":0,"179":0,"180":0,"181":0,"182":0,"183":0,"184":0,"185":1,"186":0,"187":0,"188":0,"189":0,"190":0,"191":0,"192":0,"193":1,"194":0,"195":1,"196":0,"197":0,"198":0,"199":0,"200":0,"201":0,"202":0,"203":0,"204":0,"205":0,"206":0,"207":0,"208":0,"209":0,"210":0,"211":0,"212":0,"213":0,"214":0,"215":0,"216":0,"217":0,"218":0,"219":0,"220":0,"221":1,"222":0,"223":0,"224":0,"225":0,"226":1,"227":0,"228":0,"229":0,"230":0,"231":0,"232":0,"233":0,"234":0,"235":0,"236":0,"237":0,"238":0,"239":0,"240":0,"241":0,"242":0,"243":0,"244":0,"245":0,"246":0,"247":0,"248":0,"249":0,"250":0,"251":0,"252":0,"253":0,"254":1,"255":0,"256":0,"257":0,"258":0,"259":0,"260":1,"261":0,"262":0,"263":0,"264":0,"265":0,"266":0,"267":0,"268":0,"269":0,"270":0,"271":0,"272":0,"273":0,"274":0,"275":0,"276":0,"277":0,"278":0,"279":0,"280":0,"281":0,"282":0,"283":1,"284":0,"285":0,"286":0,"287":0,"288":0,"289":1,"290":0,"291":0,"292":0,"293":0,"294":0,"295":1,"296":0,"297":0,"298":0,"299":0,"300":0,"301":1,"302":0,"303":0,"304":0,"305":0,"306":1,"307":0,"308":0,"309":0,"310":0,"311":0,"312":0,"313":0,"314":0,"315":0,"316":0,"317":0,"318":0,"319":0,"320":0,"321":0,"322":0,"323":0,"324":0,"325":0,"326":0,"327":0,"328":1,"329":0,"330":0,"331":0,"332":0,"333":0,"334":0,"335":0,"336":0,"337":0,"338":0,"339":0,"340":0,"341":0,"342":0,"343":0,"344":0,"345":0,"346":0,"347":0,"348":0,"349":0,"350":0,"351":0,"352":0,"353":0,"354":0,"355":1,"356":1,"357":1,"358":0,"359":1,"360":1,"361":0,"362":0,"363":0,"364":1,"365":0,"366":0,"367":0,"368":0,"369":0,"370":0,"371":0,"372":0,"373":0,"374":0,"375":0,"376":0,"377":1,"378":1,"379":1},"b":{"1":[0,0],"2":[0,0],"3":[0,0],"4":[0,0],"5":[0,0],"6":[0,0],"7":[0,0],"8":[0,0],"9":[0,0],"10":[0,0],"11":[0,0],"12":[0,0],"13":[0,0],"14":[0,0],"15":[0,0],"16":[0,0],"17":[0,0],"18":[0,0],"19":[0,0],"20":[0,0],"21":[0,0],"22":[0,0],"23":[0,0],"24":[0,0],"25":[0,0],"26":[0,0],"27":[0,0],"28":[0,0],"29":[0,0],"30":[0,0],"31":[0,0],"32":[0,0],"33":[0,0],"34":[0,0],"35":[0,0],"36":[0,0],"37":[0,0],"38":[0,0],"39":[0,0],"40":[0,0],"41":[0,0],"42":[0,0],"43":[0,0],"44":[0,0],"45":[0,0],"46":[0,0],"47":[0,0],"48":[0,0],"49":[0,0],"50":[0,0],"51":[0,0],"52":[0,0],"53":[0,0],"54":[0,0],"55":[0,0],"56":[0,0],"57":[0,0],"58":[0,0],"59":[0,0],"60":[0,0],"61":[0,0],"62":[0,0],"63":[0,0],"64":[0,0],"65":[0,0],"66":[0,0],"67":[0,0],"68":[0,0],"69":[0,0],"70":[0,0],"71":[0,0],"72":[0,0],"73":[0,0],"74":[0,0],"75":[0,0],"76":[0,0],"77":[0,0],"78":[0,0],"79":[0,0],"80":[0,0],"81":[0,0],"82":[0,0],"83":[0,0],"84":[0,0],"85":[0,0],"86":[0,0],"87":[0,0],"88":[0,0],"89":[0,0],"90":[0,0],"91":[0,0],"92":[0,0],"93":[0,0],"94":[0,0]},"f":{"1":0,"2":0,"3":0,"4":0,"5":0,"6":0,"7":0,"8":0,"9":0,"10":0,"11":0,"12":0,"13":0,"14":0,"15":0,"16":0,"17":0,"18":0,"19":0,"20":0,"21":0,"22":0,"23":0,"24":0,"25":0,"26":0,"27":0,"28":0,"29":0,"30":0,"31":0,"32":0,"33":0,"34":0,"35":0,"36":0,"37":0,"38":0,"39":0,"40":0,"41":0,"42":0,"43":0,"44":0,"45":0,"46":0,"47":0,"48":0},"fnMap":{"1":{"name":"Primus","line":21,"loc":{"start":{"line":21,"column":0},"end":{"line":21,"column":33}}},"2":{"name":"Sparky","line":85,"loc":{"start":{"line":85,"column":15},"end":{"line":85,"column":69}}},"3":{"name":"register","line":119,"loc":{"start":{"line":119,"column":42},"end":{"line":119,"column":66}}},"4":{"name":"warn","line":153,"loc":{"start":{"line":153,"column":12},"end":{"line":153,"column":32}}},"5":{"name":"read","line":168,"loc":{"start":{"line":168,"column":7},"end":{"line":168,"column":23}}},"6":{"name":"(anonymous_6)","line":181,"loc":{"start":{"line":181,"column":7},"end":{"line":181,"column":19}}},"7":{"name":"is","line":227,"loc":{"start":{"line":227,"column":22},"end":{"line":227,"column":47}}},"8":{"name":"write","line":234,"loc":{"start":{"line":234,"column":13},"end":{"line":234,"column":30}}},"9":{"name":"write","line":245,"loc":{"start":{"line":245,"column":13},"end":{"line":245,"column":30}}},"10":{"name":"initialise","line":265,"loc":{"start":{"line":265,"column":30},"end":{"line":265,"column":72}}},"11":{"name":"connection","line":307,"loc":{"start":{"line":307,"column":24},"end":{"line":307,"column":52}}},"12":{"name":"disconnected","line":314,"loc":{"start":{"line":314,"column":27},"end":{"line":314,"column":57}}},"13":{"name":"tock","line":346,"loc":{"start":{"line":346,"column":19},"end":{"line":346,"column":35}}},"14":{"name":"authorize","line":358,"loc":{"start":{"line":358,"column":29},"end":{"line":358,"column":54}}},"15":{"name":"forEach","line":380,"loc":{"start":{"line":380,"column":27},"end":{"line":380,"column":54}}},"16":{"name":"pushId","line":394,"loc":{"start":{"line":394,"column":2},"end":{"line":394,"column":25}}},"17":{"name":"iterate","line":404,"loc":{"start":{"line":404,"column":3},"end":{"line":404,"column":22}}},"18":{"name":"next","line":420,"loc":{"start":{"line":420,"column":14},"end":{"line":420,"column":42}}},"19":{"name":"heartbeat","line":439,"loc":{"start":{"line":439,"column":29},"end":{"line":439,"column":50}}},"20":{"name":"forEach","line":440,"loc":{"start":{"line":440,"column":15},"end":{"line":440,"column":39}}},"21":{"name":"write","line":454,"loc":{"start":{"line":454,"column":25},"end":{"line":454,"column":46}}},"22":{"name":"forEach","line":455,"loc":{"start":{"line":455,"column":15},"end":{"line":455,"column":39}}},"23":{"name":"parsers","line":469,"loc":{"start":{"line":469,"column":27},"end":{"line":469,"column":52}}},"24":{"name":"transform","line":520,"loc":{"start":{"line":520,"column":29},"end":{"line":520,"column":58}}},"25":{"name":"spark","line":541,"loc":{"start":{"line":541,"column":25},"end":{"line":541,"column":44}}},"26":{"name":"compile","line":552,"loc":{"start":{"line":552,"column":27},"end":{"line":552,"column":52}}},"27":{"name":"expose","line":651,"loc":{"start":{"line":651,"column":39},"end":{"line":651,"column":64}}},"28":{"name":"save","line":670,"loc":{"start":{"line":670,"column":24},"end":{"line":670,"column":48}}},"29":{"name":"plugin","line":708,"loc":{"start":{"line":708,"column":26},"end":{"line":708,"column":57}}},"30":{"name":"plugout","line":769,"loc":{"start":{"line":769,"column":27},"end":{"line":769,"column":50}}},"31":{"name":"use","line":790,"loc":{"start":{"line":790,"column":23},"end":{"line":790,"column":62}}},"32":{"name":"remove","line":854,"loc":{"start":{"line":854,"column":26},"end":{"line":854,"column":48}}},"33":{"name":"enable","line":872,"loc":{"start":{"line":872,"column":26},"end":{"line":872,"column":48}}},"34":{"name":"disable","line":889,"loc":{"start":{"line":889,"column":27},"end":{"line":889,"column":50}}},"35":{"name":"indexOfLayer","line":907,"loc":{"start":{"line":907,"column":32},"end":{"line":907,"column":60}}},"36":{"name":"destroy","line":928,"loc":{"start":{"line":928,"column":27},"end":{"line":928,"column":57}}},"37":{"name":"close","line":941,"loc":{"start":{"line":941,"column":13},"end":{"line":941,"column":30}}},"38":{"name":"shutdown","line":952,"loc":{"start":{"line":952,"column":19},"end":{"line":952,"column":44}}},"39":{"name":"closed","line":961,"loc":{"start":{"line":961,"column":28},"end":{"line":961,"column":46}}},"40":{"name":"close","line":983,"loc":{"start":{"line":983,"column":25},"end":{"line":983,"column":53}}},"41":{"name":"done","line":989,"loc":{"start":{"line":989,"column":37},"end":{"line":989,"column":56}}},"42":{"name":"add","line":1010,"loc":{"start":{"line":1010,"column":55},"end":{"line":1010,"column":78}}},"43":{"name":"add","line":1013,"loc":{"start":{"line":1013,"column":55},"end":{"line":1013,"column":78}}},"44":{"name":"reserved","line":1060,"loc":{"start":{"line":1060,"column":28},"end":{"line":1060,"column":51}}},"45":{"name":"createSocket","line":1094,"loc":{"start":{"line":1094,"column":22},"end":{"line":1094,"column":53}}},"46":{"name":"createServer","line":1109,"loc":{"start":{"line":1109,"column":22},"end":{"line":1109,"column":57}}},"47":{"name":"warn","line":1118,"loc":{"start":{"line":1118,"column":10},"end":{"line":1118,"column":26}}},"48":{"name":"each","line":1127,"loc":{"start":{"line":1127,"column":16},"end":{"line":1127,"column":36}}}},"statementMap":{"1":{"start":{"line":3,"column":0},"end":{"line":10,"column":23}},"2":{"start":{"line":21,"column":0},"end":{"line":156,"column":1}},"3":{"start":{"line":22,"column":2},"end":{"line":22,"column":68}},"4":{"start":{"line":22,"column":33},"end":{"line":22,"column":68}},"5":{"start":{"line":24,"column":2},"end":{"line":24,"column":14}},"6":{"start":{"line":26,"column":2},"end":{"line":30,"column":3}},"7":{"start":{"line":27,"column":4},"end":{"line":28,"column":41}},"8":{"start":{"line":29,"column":4},"end":{"line":29,"column":41}},"9":{"start":{"line":32,"column":2},"end":{"line":32,"column":26}},"10":{"start":{"line":33,"column":2},"end":{"line":33,"column":52}},"11":{"start":{"line":34,"column":2},"end":{"line":34,"column":46}},"12":{"start":{"line":35,"column":2},"end":{"line":37,"column":12}},"13":{"start":{"line":39,"column":2},"end":{"line":41,"column":3}},"14":{"start":{"line":40,"column":4},"end":{"line":40,"column":73}},"15":{"start":{"line":43,"column":2},"end":{"line":44,"column":10}},"16":{"start":{"line":46,"column":2},"end":{"line":46,"column":44}},"17":{"start":{"line":47,"column":2},"end":{"line":47,"column":41}},"18":{"start":{"line":48,"column":2},"end":{"line":48,"column":33}},"19":{"start":{"line":49,"column":2},"end":{"line":49,"column":19}},"20":{"start":{"line":50,"column":2},"end":{"line":50,"column":32}},"21":{"start":{"line":51,"column":2},"end":{"line":51,"column":26}},"22":{"start":{"line":52,"column":2},"end":{"line":52,"column":22}},"23":{"start":{"line":53,"column":2},"end":{"line":53,"column":22}},"24":{"start":{"line":54,"column":2},"end":{"line":54,"column":21}},"25":{"start":{"line":55,"column":2},"end":{"line":55,"column":22}},"26":{"start":{"line":56,"column":2},"end":{"line":56,"column":25}},"27":{"start":{"line":57,"column":2},"end":{"line":60,"column":4}},"28":{"start":{"line":62,"column":2},"end":{"line":62,"column":23}},"29":{"start":{"line":63,"column":2},"end":{"line":67,"column":16}},"30":{"start":{"line":73,"column":2},"end":{"line":77,"column":4}},"31":{"start":{"line":85,"column":2},"end":{"line":87,"column":4}},"32":{"start":{"line":86,"column":4},"end":{"line":86,"column":67}},"33":{"start":{"line":89,"column":2},"end":{"line":100,"column":5}},"34":{"start":{"line":106,"column":2},"end":{"line":108,"column":3}},"35":{"start":{"line":107,"column":4},"end":{"line":107,"column":33}},"36":{"start":{"line":110,"column":2},"end":{"line":110,"column":31}},"37":{"start":{"line":111,"column":2},"end":{"line":111,"column":48}},"38":{"start":{"line":118,"column":2},"end":{"line":126,"column":3}},"39":{"start":{"line":119,"column":4},"end":{"line":121,"column":7}},"40":{"start":{"line":120,"column":6},"end":{"line":120,"column":32}},"41":{"start":{"line":122,"column":9},"end":{"line":126,"column":3}},"42":{"start":{"line":123,"column":4},"end":{"line":125,"column":5}},"43":{"start":{"line":124,"column":6},"end":{"line":124,"column":44}},"44":{"start":{"line":146,"column":2},"end":{"line":155,"column":5}},"45":{"start":{"line":146,"column":80},"end":{"line":155,"column":5}},"46":{"start":{"line":154,"column":4},"end":{"line":154,"column":36}},"47":{"start":{"line":162,"column":0},"end":{"line":162,"column":27}},"48":{"start":{"line":167,"column":0},"end":{"line":175,"column":3}},"49":{"start":{"line":169,"column":4},"end":{"line":171,"column":5}},"50":{"start":{"line":170,"column":6},"end":{"line":170,"column":76}},"51":{"start":{"line":173,"column":4},"end":{"line":173,"column":23}},"52":{"start":{"line":180,"column":0},"end":{"line":206,"column":3}},"53":{"start":{"line":182,"column":4},"end":{"line":201,"column":7}},"54":{"start":{"line":183,"column":6},"end":{"line":183,"column":72}},"55":{"start":{"line":183,"column":49},"end":{"line":183,"column":72}},"56":{"start":{"line":184,"column":6},"end":{"line":184,"column":17}},"57":{"start":{"line":203,"column":4},"end":{"line":203,"column":79}},"58":{"start":{"line":204,"column":4},"end":{"line":204,"column":26}},"59":{"start":{"line":211,"column":0},"end":{"line":211,"column":61}},"60":{"start":{"line":216,"column":0},"end":{"line":216,"column":53}},"61":{"start":{"line":217,"column":0},"end":{"line":217,"column":43}},"62":{"start":{"line":227,"column":0},"end":{"line":256,"column":3}},"63":{"start":{"line":228,"column":2},"end":{"line":231,"column":31}},"64":{"start":{"line":233,"column":2},"end":{"line":255,"column":4}},"65":{"start":{"line":235,"column":6},"end":{"line":235,"column":31}},"66":{"start":{"line":236,"column":6},"end":{"line":236,"column":74}},"67":{"start":{"line":237,"column":6},"end":{"line":237,"column":79}},"68":{"start":{"line":238,"column":6},"end":{"line":238,"column":31}},"69":{"start":{"line":239,"column":6},"end":{"line":239,"column":74}},"70":{"start":{"line":240,"column":6},"end":{"line":240,"column":31}},"71":{"start":{"line":242,"column":6},"end":{"line":242,"column":69}},"72":{"start":{"line":246,"column":6},"end":{"line":246,"column":31}},"73":{"start":{"line":247,"column":6},"end":{"line":247,"column":67}},"74":{"start":{"line":248,"column":6},"end":{"line":248,"column":75}},"75":{"start":{"line":249,"column":6},"end":{"line":249,"column":31}},"76":{"start":{"line":250,"column":6},"end":{"line":250,"column":67}},"77":{"start":{"line":251,"column":6},"end":{"line":251,"column":31}},"78":{"start":{"line":253,"column":6},"end":{"line":253,"column":55}},"79":{"start":{"line":265,"column":0},"end":{"line":349,"column":3}},"80":{"start":{"line":266,"column":2},"end":{"line":266,"column":44}},"81":{"start":{"line":268,"column":2},"end":{"line":269,"column":18}},"82":{"start":{"line":271,"column":2},"end":{"line":299,"column":3}},"83":{"start":{"line":272,"column":4},"end":{"line":272,"column":85}},"84":{"start":{"line":273,"column":4},"end":{"line":273,"column":58}},"85":{"start":{"line":274,"column":4},"end":{"line":274,"column":40}},"86":{"start":{"line":279,"column":4},"end":{"line":282,"column":5}},"87":{"start":{"line":280,"column":6},"end":{"line":280,"column":107}},"88":{"start":{"line":281,"column":6},"end":{"line":281,"column":87}},"89":{"start":{"line":284,"column":4},"end":{"line":295,"column":5}},"90":{"start":{"line":285,"column":6},"end":{"line":285,"column":60}},"91":{"start":{"line":286,"column":6},"end":{"line":286,"column":47}},"92":{"start":{"line":288,"column":6},"end":{"line":294,"column":7}},"93":{"start":{"line":289,"column":8},"end":{"line":289,"column":69}},"94":{"start":{"line":290,"column":8},"end":{"line":290,"column":89}},"95":{"start":{"line":292,"column":8},"end":{"line":292,"column":15}},"96":{"start":{"line":293,"column":8},"end":{"line":293,"column":16}},"97":{"start":{"line":297,"column":4},"end":{"line":297,"column":41}},"98":{"start":{"line":298,"column":4},"end":{"line":298,"column":37}},"99":{"start":{"line":301,"column":2},"end":{"line":303,"column":3}},"100":{"start":{"line":302,"column":4},"end":{"line":302,"column":78}},"101":{"start":{"line":305,"column":2},"end":{"line":305,"column":63}},"102":{"start":{"line":307,"column":2},"end":{"line":312,"column":5}},"103":{"start":{"line":308,"column":4},"end":{"line":308,"column":21}},"104":{"start":{"line":309,"column":4},"end":{"line":309,"column":41}},"105":{"start":{"line":311,"column":4},"end":{"line":311,"column":85}},"106":{"start":{"line":314,"column":2},"end":{"line":319,"column":5}},"107":{"start":{"line":315,"column":4},"end":{"line":315,"column":21}},"108":{"start":{"line":316,"column":4},"end":{"line":316,"column":39}},"109":{"start":{"line":318,"column":4},"end":{"line":318,"column":88}},"110":{"start":{"line":324,"column":2},"end":{"line":324,"column":59}},"111":{"start":{"line":325,"column":2},"end":{"line":325,"column":59}},"112":{"start":{"line":326,"column":2},"end":{"line":326,"column":56}},"113":{"start":{"line":327,"column":2},"end":{"line":327,"column":49}},"114":{"start":{"line":328,"column":2},"end":{"line":328,"column":49}},"115":{"start":{"line":329,"column":2},"end":{"line":329,"column":57}},"116":{"start":{"line":330,"column":2},"end":{"line":330,"column":67}},"117":{"start":{"line":335,"column":2},"end":{"line":340,"column":3}},"118":{"start":{"line":336,"column":4},"end":{"line":339,"column":6}},"119":{"start":{"line":346,"column":2},"end":{"line":348,"column":5}},"120":{"start":{"line":347,"column":4},"end":{"line":347,"column":75}},"121":{"start":{"line":358,"column":0},"end":{"line":370,"column":3}},"122":{"start":{"line":359,"column":2},"end":{"line":361,"column":3}},"123":{"start":{"line":360,"column":4},"end":{"line":360,"column":68}},"124":{"start":{"line":363,"column":2},"end":{"line":365,"column":3}},"125":{"start":{"line":364,"column":4},"end":{"line":364,"column":78}},"126":{"start":{"line":367,"column":2},"end":{"line":367,"column":43}},"127":{"start":{"line":368,"column":2},"end":{"line":368,"column":19}},"128":{"start":{"line":369,"column":2},"end":{"line":369,"column":14}},"129":{"start":{"line":380,"column":0},"end":{"line":431,"column":3}},"130":{"start":{"line":381,"column":2},"end":{"line":387,"column":3}},"131":{"start":{"line":382,"column":4},"end":{"line":384,"column":5}},"132":{"start":{"line":383,"column":6},"end":{"line":383,"column":68}},"133":{"start":{"line":383,"column":62},"end":{"line":383,"column":68}},"134":{"start":{"line":386,"column":4},"end":{"line":386,"column":16}},"135":{"start":{"line":389,"column":2},"end":{"line":390,"column":20}},"136":{"start":{"line":392,"column":2},"end":{"line":392,"column":51}},"137":{"start":{"line":394,"column":2},"end":{"line":396,"column":3}},"138":{"start":{"line":395,"column":4},"end":{"line":395,"column":23}},"139":{"start":{"line":402,"column":2},"end":{"line":402,"column":34}},"140":{"start":{"line":404,"column":2},"end":{"line":428,"column":7}},"141":{"start":{"line":405,"column":4},"end":{"line":406,"column":14}},"142":{"start":{"line":408,"column":4},"end":{"line":411,"column":5}},"143":{"start":{"line":409,"column":6},"end":{"line":409,"column":50}},"144":{"start":{"line":410,"column":6},"end":{"line":410,"column":20}},"145":{"start":{"line":413,"column":4},"end":{"line":413,"column":29}},"146":{"start":{"line":418,"column":4},"end":{"line":418,"column":33}},"147":{"start":{"line":418,"column":16},"end":{"line":418,"column":33}},"148":{"start":{"line":420,"column":4},"end":{"line":427,"column":7}},"149":{"start":{"line":421,"column":6},"end":{"line":424,"column":7}},"150":{"start":{"line":422,"column":8},"end":{"line":422,"column":52}},"151":{"start":{"line":423,"column":8},"end":{"line":423,"column":25}},"152":{"start":{"line":426,"column":6},"end":{"line":426,"column":16}},"153":{"start":{"line":430,"column":2},"end":{"line":430,"column":14}},"154":{"start":{"line":439,"column":0},"end":{"line":445,"column":3}},"155":{"start":{"line":440,"column":2},"end":{"line":442,"column":5}},"156":{"start":{"line":441,"column":4},"end":{"line":441,"column":22}},"157":{"start":{"line":444,"column":2},"end":{"line":444,"column":14}},"158":{"start":{"line":454,"column":0},"end":{"line":460,"column":3}},"159":{"start":{"line":455,"column":2},"end":{"line":457,"column":5}},"160":{"start":{"line":456,"column":4},"end":{"line":456,"column":22}},"161":{"start":{"line":459,"column":2},"end":{"line":459,"column":14}},"162":{"start":{"line":469,"column":0},"end":{"line":508,"column":3}},"163":{"start":{"line":470,"column":2},"end":{"line":470,"column":28}},"164":{"start":{"line":472,"column":2},"end":{"line":497,"column":3}},"165":{"start":{"line":473,"column":4},"end":{"line":473,"column":80}},"166":{"start":{"line":474,"column":4},"end":{"line":474,"column":34}},"167":{"start":{"line":475,"column":4},"end":{"line":475,"column":30}},"168":{"start":{"line":480,"column":4},"end":{"line":483,"column":5}},"169":{"start":{"line":481,"column":6},"end":{"line":481,"column":93}},"170":{"start":{"line":482,"column":6},"end":{"line":482,"column":77}},"171":{"start":{"line":485,"column":4},"end":{"line":494,"column":5}},"172":{"start":{"line":485,"column":10},"end":{"line":485,"column":49}},"173":{"start":{"line":487,"column":6},"end":{"line":493,"column":7}},"174":{"start":{"line":488,"column":8},"end":{"line":488,"column":59}},"175":{"start":{"line":489,"column":8},"end":{"line":489,"column":79}},"176":{"start":{"line":491,"column":8},"end":{"line":491,"column":15}},"177":{"start":{"line":492,"column":8},"end":{"line":492,"column":16}},"178":{"start":{"line":496,"column":4},"end":{"line":496,"column":32}},"179":{"start":{"line":499,"column":2},"end":{"line":501,"column":3}},"180":{"start":{"line":500,"column":4},"end":{"line":500,"column":69}},"181":{"start":{"line":503,"column":2},"end":{"line":503,"column":32}},"182":{"start":{"line":504,"column":2},"end":{"line":504,"column":32}},"183":{"start":{"line":505,"column":2},"end":{"line":505,"column":23}},"184":{"start":{"line":507,"column":2},"end":{"line":507,"column":14}},"185":{"start":{"line":520,"column":0},"end":{"line":532,"column":3}},"186":{"start":{"line":521,"column":2},"end":{"line":523,"column":3}},"187":{"start":{"line":522,"column":4},"end":{"line":522,"column":60}},"188":{"start":{"line":525,"column":2},"end":{"line":528,"column":3}},"189":{"start":{"line":526,"column":4},"end":{"line":526,"column":74}},"190":{"start":{"line":527,"column":4},"end":{"line":527,"column":16}},"191":{"start":{"line":530,"column":2},"end":{"line":530,"column":35}},"192":{"start":{"line":531,"column":2},"end":{"line":531,"column":14}},"193":{"start":{"line":541,"column":0},"end":{"line":543,"column":3}},"194":{"start":{"line":542,"column":2},"end":{"line":542,"column":30}},"195":{"start":{"line":552,"column":0},"end":{"line":660,"column":3}},"196":{"start":{"line":553,"column":2},"end":{"line":556,"column":27}},"197":{"start":{"line":562,"column":2},"end":{"line":577,"column":15}},"198":{"start":{"line":582,"column":2},"end":{"line":588,"column":76}},"199":{"start":{"line":594,"column":2},"end":{"line":608,"column":3}},"200":{"start":{"line":595,"column":4},"end":{"line":595,"column":88}},"201":{"start":{"line":597,"column":4},"end":{"line":597,"column":73}},"202":{"start":{"line":598,"column":4},"end":{"line":601,"column":6}},"203":{"start":{"line":603,"column":4},"end":{"line":603,"column":83}},"204":{"start":{"line":604,"column":4},"end":{"line":607,"column":6}},"205":{"start":{"line":613,"column":2},"end":{"line":616,"column":3}},"206":{"start":{"line":614,"column":4},"end":{"line":614,"column":44}},"207":{"start":{"line":615,"column":4},"end":{"line":615,"column":21}},"208":{"start":{"line":623,"column":2},"end":{"line":623,"column":19}},"209":{"start":{"line":625,"column":2},"end":{"line":638,"column":3}},"210":{"start":{"line":626,"column":4},"end":{"line":626,"column":28}},"211":{"start":{"line":627,"column":4},"end":{"line":627,"column":32}},"212":{"start":{"line":629,"column":4},"end":{"line":632,"column":5}},"213":{"start":{"line":630,"column":6},"end":{"line":630,"column":74}},"214":{"start":{"line":631,"column":6},"end":{"line":631,"column":35}},"215":{"start":{"line":634,"column":4},"end":{"line":634,"column":33}},"216":{"start":{"line":634,"column":24},"end":{"line":634,"column":33}},"217":{"start":{"line":636,"column":4},"end":{"line":636,"column":76}},"218":{"start":{"line":637,"column":4},"end":{"line":637,"column":85}},"219":{"start":{"line":647,"column":2},"end":{"line":659,"column":14}},"220":{"start":{"line":652,"column":4},"end":{"line":656,"column":17}},"221":{"start":{"line":670,"column":0},"end":{"line":675,"column":3}},"222":{"start":{"line":671,"column":2},"end":{"line":672,"column":55}},"223":{"start":{"line":671,"column":11},"end":{"line":671,"column":59}},"224":{"start":{"line":672,"column":7},"end":{"line":672,"column":55}},"225":{"start":{"line":674,"column":2},"end":{"line":674,"column":14}},"226":{"start":{"line":708,"column":0},"end":{"line":760,"column":3}},"227":{"start":{"line":709,"column":2},"end":{"line":709,"column":29}},"228":{"start":{"line":709,"column":13},"end":{"line":709,"column":29}},"229":{"start":{"line":711,"column":2},"end":{"line":717,"column":3}},"230":{"start":{"line":712,"column":4},"end":{"line":712,"column":56}},"231":{"start":{"line":712,"column":34},"end":{"line":712,"column":56}},"232":{"start":{"line":713,"column":4},"end":{"line":716,"column":5}},"233":{"start":{"line":714,"column":6},"end":{"line":714,"column":21}},"234":{"start":{"line":715,"column":6},"end":{"line":715,"column":26}},"235":{"start":{"line":719,"column":2},"end":{"line":721,"column":3}},"236":{"start":{"line":720,"column":4},"end":{"line":720,"column":74}},"237":{"start":{"line":723,"column":2},"end":{"line":726,"column":3}},"238":{"start":{"line":724,"column":4},"end":{"line":724,"column":76}},"239":{"start":{"line":725,"column":4},"end":{"line":725,"column":31}},"240":{"start":{"line":731,"column":2},"end":{"line":733,"column":3}},"241":{"start":{"line":732,"column":4},"end":{"line":732,"column":74}},"242":{"start":{"line":738,"column":2},"end":{"line":740,"column":3}},"243":{"start":{"line":739,"column":4},"end":{"line":739,"column":81}},"244":{"start":{"line":746,"column":2},"end":{"line":748,"column":3}},"245":{"start":{"line":747,"column":4},"end":{"line":747,"column":63}},"246":{"start":{"line":750,"column":2},"end":{"line":750,"column":39}},"247":{"start":{"line":751,"column":2},"end":{"line":751,"column":27}},"248":{"start":{"line":752,"column":2},"end":{"line":752,"column":37}},"249":{"start":{"line":754,"column":2},"end":{"line":754,"column":35}},"250":{"start":{"line":754,"column":23},"end":{"line":754,"column":35}},"251":{"start":{"line":756,"column":2},"end":{"line":756,"column":52}},"252":{"start":{"line":757,"column":2},"end":{"line":757,"column":48}},"253":{"start":{"line":759,"column":2},"end":{"line":759,"column":14}},"254":{"start":{"line":769,"column":0},"end":{"line":776,"column":3}},"255":{"start":{"line":770,"column":2},"end":{"line":770,"column":40}},"256":{"start":{"line":770,"column":27},"end":{"line":770,"column":40}},"257":{"start":{"line":772,"column":2},"end":{"line":772,"column":45}},"258":{"start":{"line":773,"column":2},"end":{"line":773,"column":24}},"259":{"start":{"line":775,"column":2},"end":{"line":775,"column":14}},"260":{"start":{"line":790,"column":0},"end":{"line":845,"column":3}},"261":{"start":{"line":791,"column":2},"end":{"line":796,"column":3}},"262":{"start":{"line":792,"column":4},"end":{"line":792,"column":20}},"263":{"start":{"line":793,"column":4},"end":{"line":793,"column":17}},"264":{"start":{"line":794,"column":4},"end":{"line":794,"column":14}},"265":{"start":{"line":795,"column":4},"end":{"line":795,"column":41}},"266":{"start":{"line":798,"column":2},"end":{"line":801,"column":3}},"267":{"start":{"line":799,"column":4},"end":{"line":799,"column":20}},"268":{"start":{"line":800,"column":4},"end":{"line":800,"column":17}},"269":{"start":{"line":803,"column":2},"end":{"line":803,"column":26}},"270":{"start":{"line":810,"column":2},"end":{"line":813,"column":3}},"271":{"start":{"line":811,"column":4},"end":{"line":811,"column":59}},"272":{"start":{"line":812,"column":4},"end":{"line":812,"column":32}},"273":{"start":{"line":818,"column":2},"end":{"line":820,"column":3}},"274":{"start":{"line":819,"column":4},"end":{"line":819,"column":90}},"275":{"start":{"line":822,"column":2},"end":{"line":827,"column":37}},"276":{"start":{"line":833,"column":2},"end":{"line":842,"column":3}},"277":{"start":{"line":834,"column":4},"end":{"line":839,"column":5}},"278":{"start":{"line":835,"column":6},"end":{"line":835,"column":77}},"279":{"start":{"line":836,"column":6},"end":{"line":836,"column":42}},"280":{"start":{"line":838,"column":6},"end":{"line":838,"column":30}},"281":{"start":{"line":841,"column":4},"end":{"line":841,"column":31}},"282":{"start":{"line":844,"column":2},"end":{"line":844,"column":14}},"283":{"start":{"line":854,"column":0},"end":{"line":863,"column":3}},"284":{"start":{"line":855,"column":2},"end":{"line":855,"column":38}},"285":{"start":{"line":857,"column":2},"end":{"line":860,"column":3}},"286":{"start":{"line":858,"column":4},"end":{"line":858,"column":42}},"287":{"start":{"line":859,"column":4},"end":{"line":859,"column":33}},"288":{"start":{"line":862,"column":2},"end":{"line":862,"column":14}},"289":{"start":{"line":872,"column":0},"end":{"line":880,"column":3}},"290":{"start":{"line":873,"column":2},"end":{"line":873,"column":38}},"291":{"start":{"line":875,"column":2},"end":{"line":878,"column"
[...]
arded = forwarded(req, req.headers || {}, primus.whitelist);","  };","};",""],"l":{"3":1,"12":1,"13":0,"15":0,"16":0}},"/home/travis/build/npmtest/node-npmtest-primus/node_modules/primus/middleware/no-cache.js":{"path":"/home/travis/build/npmtest/node-npmtest-primus/node_modules/primus/middleware/no-cache.js","s":{"1":1,"2":1,"3":0,"4":0,"5":1,"6":1},"b":{},"f":{"1":0},"fnMap":{"1":{"name":"nocache","line":12,"loc":{"start":{"line":12,"column":0},"end":{"line":12,"column":27}}}},"statementMap":{"1":{"start":{"line":3,"column":0},"end":{"line":3,"column":37}},"2":{"start":{"line":12,"column":0},"end":{"line":15,"column":1}},"3":{"start":{"line":13,"column":2},"end":{"line":13,"column":84}},"4":{"start":{"line":14,"column":2},"end":{"line":14,"column":39}},"5":{"start":{"line":20,"column":0},"end":{"line":20,"column":24}},"6":{"start":{"line":25,"column":0},"end":{"line":25,"column":25}}},"branchMap":{},"code":["'use strict';","","var setHeader = require('setheader');","","/**"," * Forcefully add no-cache headers to HTTP responses."," *"," * @param {Request} req The incoming HTTP request."," * @param {Response} res The outgoing HTTP response."," * @api public"," */","function nocache(req, res) {","  setHeader(res, 'Cache-Control', 'no-store, no-cache, must-revalidate, max-age=0');","  setHeader(res, 'Pragma', 'no-cache');","}","","//","// We don't need no-cache headers for HTTP upgrades.","//","nocache.upgrade = false;","","//","// Expose the module.","//","module.exports = nocache;",""],"l":{"3":1,"12":1,"13":0,"14":0,"20":1,"25":1}},"/home/travis/build/npmtest/node-npmtest-primus/node_modules/primus/middleware/primus.js":{"path":"/home/travis/build/npmtest/node-npmtest-primus/node_modules/primus/middleware/primus.js","s":{"1":1,"2":0,"3":1,"4":0,"5":0,"6":0,"7":0,"8":0,"9":0,"10":0,"11":0,"12":0,"13":0,"14":0},"b":{"1":[0,0],"2":[0,0],"3":[0,0]},"f":{"1":0,"2":0},"fnMap":{"1":{"name":"configure","line":9,"loc":{"start":{"line":9,"column":17},"end":{"line":9,"column":38}}},"2":{"name":"client","line":22,"loc":{"start":{"line":22,"column":2},"end":{"line":22,"column":28}}}},"statementMap":{"1":{"start":{"line":9,"column":0},"end":{"line":47,"column":2}},"2":{"start":{"line":10,"column":2},"end":{"line":13,"column":13}},"3":{"start":{"line":22,"column":2},"end":{"line":39,"column":3}},"4":{"start":{"line":23,"column":4},"end":{"line":23,"column":46}},"5":{"start":{"line":23,"column":39},"end":{"line":23,"column":46}},"6":{"start":{"line":30,"column":4},"end":{"line":30,"column":54}},"7":{"start":{"line":31,"column":4},"end":{"line":31,"column":38}},"8":{"start":{"line":33,"column":4},"end":{"line":33,"column":25}},"9":{"start":{"line":34,"column":4},"end":{"line":34,"column":68}},"10":{"start":{"line":35,"column":4},"end":{"line":35,"column":44}},"11":{"start":{"line":36,"column":4},"end":{"line":36,"column":21}},"12":{"start":{"line":38,"column":4},"end":{"line":38,"column":16}},"13":{"start":{"line":44,"column":2},"end":{"line":44,"column":25}},"14":{"start":{"line":46,"column":2},"end":{"line":46,"column":16}}},"branchMap":{"1":{"line":23,"type":"if","locations":[{"start":{"line":23,"column":4},"end":{"line":23,"column":4}},{"start":{"line":23,"column":4},"end":{"line":23,"column":4}}]},"2":{"line":30,"type":"binary-expr","locations":[{"start":{"line":30,"column":14},"end":{"line":30,"column":21}},{"start":{"line":30,"column":25},"end":{"line":30,"column":53}}]},"3":{"line":31,"type":"binary-expr","locations":[{"start":{"line":31,"column":13},"end":{"line":31,"column":19}},{"start":{"line":31,"column":23},"end":{"line":31,"column":37}}]}},"code":["'use strict';","","/**"," * Serve the client library that is shipped and compiled within Primus."," *"," * @returns {Function}"," * @api public"," */","module.exports = function configure() {","  var primusjs = this.pathname +'/primus.js'","    , primus = this","    , library","    , length;","","  /**","   * The actual HTTP middleware.","   *","   * @param {Request} req HTTP request.","   * @param {Response} res HTTP response.","   * @api private","   */","  function client(req, res) {","    if (req.uri.pathname !== primusjs) return;","","    //","    // Lazy include and compile the library so we give our server some time to","    // add plugins or we will compile the client library without plugins, which","    // is sad :(","    //","    library = library || new Buffer(primus.library());","    length = length || library.length;","","    res.statusCode = 200;","    res.setHeader('Content-Type', 'text/javascript; charset=utf-8');","    res.setHeader('Content-Length', length);","    res.end(library);","","    return true;","  }","","  //","  // We don't serve our client-side library over HTTP upgrades.","  //","  client.upgrade = false;","","  return client;","};",""],"l":{"9":1,"10":0,"22":1,"23":0,"30":0,"31":0,"33":0,"34":0,"35":0,"36":0,"38":0,"44":0,"46":0}},"/home/travis/build/npmtest/node-npmtest-primus/node_modules/primus/middleware/spec.js":{"path":"/home/travis/build/npmtest/node-npmtest-primus/node_modules/primus/middleware/spec.js","s":{"1":1,"2":0,"3":1,"4":0,"5":0,"6":0,"7":0,"8":0,"9":0,"10":0,"11":0},"b":{"1":[0,0]},"f":{"1":0,"2":0},"fnMap":{"1":{"name":"configure","line":9,"loc":{"start":{"line":9,"column":17},"end":{"line":9,"column":38}}},"2":{"name":"spec","line":20,"loc":{"start":{"line":20,"column":2},"end":{"line":20,"column":26}}}},"statementMap":{"1":{"start":{"line":9,"column":0},"end":{"line":36,"column":2}},"2":{"start":{"line":10,"column":2},"end":{"line":11,"column":20}},"3":{"start":{"line":20,"column":2},"end":{"line":28,"column":3}},"4":{"start":{"line":21,"column":4},"end":{"line":21,"column":51}},"5":{"start":{"line":21,"column":44},"end":{"line":21,"column":51}},"6":{"start":{"line":23,"column":4},"end":{"line":23,"column":25}},"7":{"start":{"line":24,"column":4},"end":{"line":24,"column":54}},"8":{"start":{"line":25,"column":4},"end":{"line":25,"column":41}},"9":{"start":{"line":27,"column":4},"end":{"line":27,"column":16}},"10":{"start":{"line":33,"column":2},"end":{"line":33,"column":23}},"11":{"start":{"line":35,"column":2},"end":{"line":35,"column":14}}},"branchMap":{"1":{"line":21,"type":"if","locations":[{"start":{"line":21,"column":4},"end":{"line":21,"column":4}},{"start":{"line":21,"column":4},"end":{"line":21,"column":4}}]}},"code":["'use strict';","","/**"," * Answer HTTP requests with the server specification when requested."," *"," * @returns {Function}"," * @api public"," */","module.exports = function configure() {","  var specification = this.pathname +'/spec'","    , primus = this;","","  /**","   * The actual HTTP middleware.","   *","   * @param {Request} req HTTP request.","   * @param {Response} res HTTP response.","   * @api private","   */","  function spec(req, res) {","    if (req.uri.pathname !== specification) return;","","    res.statusCode = 200;","    res.setHeader('Content-Type', 'application/json');","    res.end(JSON.stringify(primus.spec));","","    return true;","  }","","  //","  // Don't run a specification test for HTTP upgrades.","  //","  spec.upgrade = false;","","  return spec;","};",""],"l":{"9":1,"10":0,"20":1,"21":0,"23":0,"24":0,"25":0,"27":0,"33":0,"35":0}},"/home/travis/build/npmtest/node-npmtest-primus/node_modules/primus/middleware/xss.js":{"path":"/home/travis/build/npmtest/node-npmtest-primus/node_modules/primus/middleware/xss.js","s":{"1":1,"2":1,"3":0,"4":0,"5":0,"6":1,"7":1},"b":{"1":[0,0],"2":[0,0],"3":[0,0,0]},"f":{"1":0},"fnMap":{"1":{"name":"xss","line":12,"loc":{"start":{"line":12,"column":0},"end":{"line":12,"column":23}}}},"statementMap":{"1":{"start":{"line":3,"column":0},"end":{"line":3,"column":37}},"2":{"start":{"line":12,"column":0},"end":{"line":18,"column":1}},"3":{"start":{"line":13,"column":2},"end":{"line":13,"column":62}},"4":{"start":{"line":15,"column":2},"end":{"line":17,"column":3}},"5":{"start":{"line":16,"column":4},"end":{"line":16,"column":44}},"6":{"start":{"line":23,"column":0},"end":{"line":23,"column":20}},"7":{"start":{"line":28,"column":0},"end":{"line":28,"column":21}}},"branchMap":{"1":{"line":13,"type":"binary-expr","locations":[{"start":{"line":13,"column":15},"end":{"line":13,"column":40}},{"start":{"line":13,"column":44},"end":{"line":13,"column":46}}]},"2":{"line":15,"type":"if","locations":[{"start":{"line":15,"column":2},"end":{"line":15,"column":2}},{"start":{"line":15,"column":2},"end":{"line":15,"column":2}}]},"3":{"line":15,"type":"binary-expr","locations":[{"start":{"line":15,"column":6},"end":{"line":15,"column":11}},{"start":{"line":15,"column":16},"end":{"line":15,"column":39}},{"start":{"line":15,"column":43},"end":{"line":15,"column":69}}]}},"code":["'use strict';","","var setHeader = require('setheader');","","/**"," * Forcefully add x-xss-protection headers."," *"," * @param {Request} req The incoming HTTP request."," * @param {Response} res The outgoing HTTP response."," * @api public"," */","function xss(req, res) {","  var agent = (req.headers['user-agent'] || '').toLowerCase();","","  if (agent && (~agent.indexOf(';msie') || ~agent.indexOf('trident/'))) {","    setHeader(res, 'X-XSS-Protection', '0');","  }","}","","//","// We don't need protection headers for HTTP upgrades.","//","xss.upgrade = false;","","//","// Expose the module.","//","module.exports = xss;",""],"l":{"3":1,"12":1,"13":0,"15":0,"16":0,"23":1,"28":1}},"/home/travis/build/npmtest/node-npmtest-primus/node_modules/primus/parsers/binary.js":{"path":"/home/travis/build/npmtest/node-npmtest-primus/node_modules/primus/parsers/binary.js","s":{"1":2,"2":0,"3":0,"4":0,"5":0,"6":0,"7":0,"8":0,"9":0,"10":0,"11":0,"12":0,"13":0,"14":0},"b":{},"f":{"1":0,"2":0},"fnMap":{"1":{"name":"encoder","line":12,"loc":{"start":{"line":12,"column":18},"end":{"line":12,"column":45}}},"2":{"name":"decoder","line":28,"loc":{"start":{"line":28,"column":18},"end":{"line":28,"column":45}}}},"statementMap":{"1":{"start":{"line":3,"column":0},"end":{"line":3,"column":42}},"2":{"start":{"line":12,"column":0},"end":{"line":19,"column":2}},"3":{"start":{"line":13,"column":2},"end":{"line":13,"column":10}},"4":{"start":{"line":15,"column":2},"end":{"line":16,"column":24}},"5":{"start":{"line":15,"column":8},"end":{"line":15,"column":37}},"6":{"start":{"line":16,"column":14},"end":{"line":16,"column":22}},"7":{"start":{"line":18,"column":2},"end":{"line":18,"column":16}},"8":{"start":{"line":28,"column":0},"end":{"line":35,"column":2}},"9":{"start":{"line":29,"column":2},"end":{"line":29,"column":10}},"10":{"start":{"line":31,"column":2},"end":{"line":32,"column":24}},"11":{"start":{"line":31,"column":8},"end":{"line":31,"column":39}},"12":{"start":{"line":32,"column":14},"end":{"line":32,"column":22}},"13":{"start":{"line":34,"column":2},"end":{"line":34,"column":16}},"14":{"start":{"line":40,"column":0},"end":{"line":54,"column":2}}},"branchMap":{},"code":["'use strict';","","const BinaryPack = require('binary-pack');","","/**"," * Message encoder."," *"," * @param {Mixed} data The data that needs to be transformed."," * @param {Function} fn Completion callback."," * @api public"," */","exports.encoder = function encoder(data, fn) {","  var err;","","  try { data = BinaryPack.pack(data); }","  catch (e) { err = e; }","","  fn(err, data);","};","","/**"," * Message decoder."," *"," * @param {Mixed} data The data that needs to be transformed."," * @param {Function} fn Completion callback."," * @api public"," */","exports.decoder = function decoder(data, fn) {","  var err;","","  try { data = BinaryPack.unpack(data); }","  catch (e) { err = e; }","","  fn(err, data);","};","","//","// Expose the library so it can be added in our Primus module.","//","exports.library = `var BinaryPack = (function () {","  var exports, bp;","","  try { bp = Primus.requires('binary-pack'); }","  catch (e) {}","","  if (bp) return bp;","","  exports = {};","  (function () {","    ${BinaryPack.BrowserSource}","  }).call(exports);","  return exports.BinaryPack;","})();","`;",""],"l":{"3":2,"12":0,"13":0,"15":0,"16":0,"18":0,"28":0,"29":0,"31":0,"32":0,"34":0,"40":0}},"/home/travis/build/npmtest/node-npmtest-primus/node_modules/primus/parsers/ejson.js":{"path":"/home/travis/build/npmtest/node-npmtest-primus/node_modules/primus/parsers/ejson.js","s":{"1":2,"2":0,"3":0,"4":0,"5":0,"6":0,"7":0,"8":0,"9":0,"10":0,"11":0,"12":0,"13":0,"14":0},"b":{},"f":{"1":0,"2":0},"fnMap":{"1":{"name":"encoder","line":12,"loc":{"start":{"line":12,"column":18},"end":{"line":12,"column":45}}},"2":{"name":"decoder","line":28,"loc":{"start":{"line":28,"column":18},"end":{"line":28,"column":45}}}},"statementMap":{"1":{"start":{"line":3,"column":0},"end":{"line":3,"column":29}},"2":{"start":{"line":12,"column":0},"end":{"line":19,"column":2}},"3":{"start":{"line":13,"column":2},"end":{"line":13,"column":10}},"4":{"start":{"line":15,"column":2},"end":{"line":16,"column":24}},"5":{"start":{"line":15,"column":8},"end":{"line":15,"column":37}},"6":{"start":{"line":16,"column":14},"end":{"line":16,"column":22}},"7":{"start":{"line":18,"column":2},"end":{"line":18,"column":16}},"8":{"start":{"line":28,"column":0},"end":{"line":35,"column":2}},"9":{"start":{"line":29,"column":2},"end":{"line":29,"column":10}},"10":{"start":{"line":31,"column":2},"end":{"line":32,"column":24}},"11":{"start":{"line":31,"column":8},"end":{"line":31,"column":33}},"12":{"start":{"line":32,"column":14},"end":{"line":32,"column":22}},"13":{"start":{"line":34,"column":2},"end":{"line":34,"column":16}},"14":{"start":{"line":41,"column":0},"end":{"line":41,"column":42}}},"branchMap":{},"code":["'use strict';","","var EJSON = require('ejson');","","/**"," * Message encoder."," *"," * @param {Mixed} data The data that needs to be transformed into a string."," * @param {Function} fn Completion callback."," * @api public"," */","exports.encoder = function encoder(data, fn) {","  var err;","","  try { data = EJSON.stringify(data); }","  catch (e) { err = e; }","","  fn(err, data);","};","","/**"," * Message decoder."," *"," * @param {Mixed} data The data that needs to be parsed from a string."," * @param {Function} fn Completion callback."," * @api public"," */","exports.decoder = function decoder(data, fn) {","  var err;","","  try { data = EJSON.parse(data); }","  catch (e) { err = e; }","","  fn(err, data);","};","","//","// Expose the library which is compiled for global consumption instead of","// browserify.","//","exports.library = require('ejson/source');",""],"l":{"3":2,"12":0,"13":0,"15":0,"16":0,"18":0,"28":0,"29":0,"31":0,"32":0,"34":0,"41":0}},"/home/travis/build/npmtest/node-npmtest-primus/node_modules/primus/parsers/json.js":{"path":"/home/travis/build/npmtest/node-npmtest-primus/node_modules/primus/parsers/json.js","s":{"1":1,"2":0,"3":0,"4":0,"5":0,"6":0,"7":1,"8":0,"9":0,"10":0,"11":0,"12":0,"13":0,"14":0},"b":{"1":[0,0]},"f":{"1":0,"2":0},"fnMap":{"1":{"name":"encoder","line":10,"loc":{"start":{"line":10,"column":18},"end":{"line":10,"column":45}}},"2":{"name":"decoder","line":26,"loc":{"start":{"line":26,"column":18},"end":{"line":26,"column":45}}}},"statementMap":{"1":{"start":{"line":10,"column":0},"end":{"line":17,"column":2}},"2":{"start":{"line":11,"column":2},"end":{"line":11,"column":10}},"3":{"start":{"line":13,"column":2},"end":{"line":14,"column":24}},"4":{"start":{"line":13,"column":8},"end":{"line":13,"column":36}},"5":{"start":{"line":14,"column":14},"end":{"line":14,"column":22}},"6":{"start":{"line":16,"column":2},"end":{"line":16,"column":16}},"7":{"start":{"line":26,"column":0},"end":{"line":35,"column":2}},"8":{"start":{"line":27,"column":2},"end":{"line":27,"column":10}},"9":{"start":{"line":29,"column":2},"end":{"line":29,"column":53}},"10":{"start":{"line":29,"column":32},"end":{"line":29,"column":53}},"11":{"start":{"line":31,"column":2},"end":{"line":32,"column":24}},"12":{"start":{"line":31,"column":8},"end":{"line":31,"column":32}},"13":{"start":{"line":32,"column":14},"end":{"line":32,"column":22}},"14":{"start":{"line":34,"column":2},"end":{"line":34,"column":16}}},"branchMap":{"1":{"line":29,"type":"if","locations":[{"start":{"line":29,"column":2},"end":{"line":29,"column":2}},{"start":{"line":29,"column":2},"end":{"line":29,"column":2}}]}},"code":["'use strict';","","/**"," * Message encoder."," *"," * @param {Mixed} data The data that needs to be transformed into a string."," * @param {Function} fn Completion callback."," * @api public"," */","exports.encoder = function encoder(data, fn) {","  var err;","","  try { data = JSON.stringify(data); }","  catch (e) { err = e; }","","  fn(err, data);","};","","/**"," * Message decoder."," *"," * @param {Mixed} data The data that needs to be parsed from a string."," * @param {Function} fn Completion callback."," * @api public"," */","exports.decoder = function decoder(data, fn) {","  var err;","","  if ('string' !== typeof data) return fn(err, data);","","  try { data = JSON.parse(data); }","  catch (e) { err = e; }","","  fn(err, data);","};",""],"l":{"10":1,"11":0,"13":0,"14":0,"16":0,"26":1,"27":0,"29":0,"31":0,"32":0,"34":0}},"/home/travis/build/npmtest/node-npmtest-primus/node_modules/primus/parsers/msgpack.js":{"path":"/home/travis/build/npmtest/node-npmtest-primus/node_modules/primus/parsers/msgpack.js","s":{"1":2,"2":0,"3":0,"4":0,"5":0,"6":0,"7":0,"8":0,"9":0,"10":0,"11":0,"12":0,"13":0,"14":0},"b":{"1":[0,0]},"f":{"1":0,"2":0},"fnMap":{"1":{"name":"encoder","line":12,"loc":{"start":{"line":12,"column":18},"end":{"line":12,"column":45}}},"2":{"name":"decoder","line":28,"loc":{"start":{"line":28,"column":18},"end":{"line":28,"column":45}}}},"statementMap":{"1":{"start":{"line":3,"column":0},"end":{"line":3,"column":42}},"2":{"start":{"line":12,"column":0},"end":{"line":19,"column":2}},"3":{"start":{"line":13,"column":2},"end":{"line":13,"column":10}},"4":{"start":{"line":15,"column":2},"end":{"line":16,"column":24}},"5":{"start":{"line":15,"column":8},"end":{"line":15,"column":36}},"6":{"start":{"line":16,"column":14},"end":{"line":16,"column":22}},"7":{"start":{"line":18,"column":2},"end":{"line":18,"column":16}},"8":{"start":{"line":28,"column":0},"end":{"line":38,"column":2}},"9":{"start":{"line":29,"column":2},"end":{"line":29,"column":10}},"10":{"start":{"line":31,"column":2},"end":{"line":35,"column":3}},"11":{"start":{"line":32,"column":4},"end":{"line":32,"column":85}},"12":{"start":{"line":34,"column":4},"end":{"line":34,"column":12}},"13":{"start":{"line":37,"column":2},"end":{"line":37,"column":16}},"14":{"start":{"line":43,"column":0},"end":{"line":55,"column":2}}},"branchMap":{"1":{"line":32,"type":"cond-expr","locations":[{"start":{"line":32,"column":56},"end":{"line":32,"column":76}},{"start":{"line":32,"column":79},"end":{"line":32,"column":83}}]}},"code":["'use strict';","","const msgpack = require('primus-msgpack');","","/**"," * Message encoder."," *"," * @param {Mixed} data The data that needs to be transformed."," * @param {Function} fn Completion callback."," * @api public"," */","exports.encoder = function encoder(data, fn) {","  var err;","","  try { data = msgpack.encode(data); }","  catch (e) { err = e; }","","  fn(err, data);","};","","/**"," * Message decoder."," *"," * @param {Mixed} data The data that needs to be transformed."," * @param {Function} fn Completion callback."," * @api public"," */","exports.decoder = function decoder(data, fn) {","  var err;","","  try {","    data = msgpack.decode(data instanceof ArrayBuffer ? new Uint8Array(data) : data);","  } catch (e) {","    err = e;","  }","","  fn(err, data);","};","","//","// Expose the library so it can be added in our Primus module.","//","exports.library = `var msgpack = (function () {","  var exports, mp;","","  try { mp = Primus.requires('primus-msgpack'); }","  catch (e) {}","","  if (mp) return mp;","","  exports = {};","  ${msgpack.BrowserSource}","  return exports.msgpack;","})();","`;",""],"l":{"3":2,"12":0,"13":0,"15":0,"16":0,"18":0,"28":0,"29":0,"31":0,"32":0,"34":0,"37":0,"43":0}}}